Performing C SOURCE FILE Test CMAKE_HAVE_LIBC_PTHREAD failed with the following output:
Change Dir: /home/joungwook/PID-Comm/upmem-2021.3.0_opt/src/backends/build/CMakeFiles/CMakeTmp

Run Build Command(s):/usr/bin/make cmTC_b9512/fast && /usr/bin/make -f CMakeFiles/cmTC_b9512.dir/build.make CMakeFiles/cmTC_b9512.dir/build
make[1]: Entering directory '/home/joungwook/PID-Comm/upmem-2021.3.0_opt/src/backends/build/CMakeFiles/CMakeTmp'
Building C object CMakeFiles/cmTC_b9512.dir/src.c.o
/usr/bin/cc   -Wall -Wextra -std=gnu11  -O3  -g -DCMAKE_HAVE_LIBC_PTHREAD   -o CMakeFiles/cmTC_b9512.dir/src.c.o   -c /home/joungwook/PID-Comm/upmem-2021.3.0_opt/src/backends/build/CMakeFiles/CMakeTmp/src.c
Linking C executable cmTC_b9512
/usr/local/bin/cmake -E cmake_link_script CMakeFiles/cmTC_b9512.dir/link.txt --verbose=1
/usr/bin/cc  -Wall -Wextra -std=gnu11  -O3  -g -DCMAKE_HAVE_LIBC_PTHREAD  -Wl,--enable-new-dtags  CMakeFiles/cmTC_b9512.dir/src.c.o  -o cmTC_b9512 
CMakeFiles/cmTC_b9512.dir/src.c.o: In function `main':
/home/joungwook/PID-Comm/upmem-2021.3.0_opt/src/backends/build/CMakeFiles/CMakeTmp/src.c:11: undefined reference to `pthread_create'
/home/joungwook/PID-Comm/upmem-2021.3.0_opt/src/backends/build/CMakeFiles/CMakeTmp/src.c:12: undefined reference to `pthread_detach'
/home/joungwook/PID-Comm/upmem-2021.3.0_opt/src/backends/build/CMakeFiles/CMakeTmp/src.c:13: undefined reference to `pthread_cancel'
/home/joungwook/PID-Comm/upmem-2021.3.0_opt/src/backends/build/CMakeFiles/CMakeTmp/src.c:14: undefined reference to `pthread_join'
/home/joungwook/PID-Comm/upmem-2021.3.0_opt/src/backends/build/CMakeFiles/CMakeTmp/src.c:15: undefined reference to `pthread_atfork'
collect2: error: ld returned 1 exit status
CMakeFiles/cmTC_b9512.dir/build.make:103: recipe for target 'cmTC_b9512' failed
make[1]: *** [cmTC_b9512] Error 1
make[1]: Leaving directory '/home/joungwook/PID-Comm/upmem-2021.3.0_opt/src/backends/build/CMakeFiles/CMakeTmp'
Makefile:138: recipe for target 'cmTC_b9512/fast' failed
make: *** [cmTC_b9512/fast] Error 2


Source file was:
#include <pthread.h>

void* test_func(void* data)
{
  return data;
}

int main(void)
{
  pthread_t thread;
  pthread_create(&thread, NULL, test_func, NULL);
  pthread_detach(thread);
  pthread_cancel(thread);
  pthread_join(thread, NULL);
  pthread_atfork(NULL, NULL, NULL);
  pthread_exit(NULL);

  return 0;
}

Determining if the function pthread_create exists in the pthreads failed with the following output:
Change Dir: /home/joungwook/PID-Comm/upmem-2021.3.0_opt/src/backends/build/CMakeFiles/CMakeTmp

Run Build Command(s):/usr/bin/make cmTC_80fd2/fast && /usr/bin/make -f CMakeFiles/cmTC_80fd2.dir/build.make CMakeFiles/cmTC_80fd2.dir/build
make[1]: Entering directory '/home/joungwook/PID-Comm/upmem-2021.3.0_opt/src/backends/build/CMakeFiles/CMakeTmp'
Building C object CMakeFiles/cmTC_80fd2.dir/CheckFunctionExists.c.o
/usr/bin/cc   -Wall -Wextra -std=gnu11  -O3  -g -DCHECK_FUNCTION_EXISTS=pthread_create   -o CMakeFiles/cmTC_80fd2.dir/CheckFunctionExists.c.o   -c /usr/local/share/cmake-3.17/Modules/CheckFunctionExists.c
Linking C executable cmTC_80fd2
/usr/local/bin/cmake -E cmake_link_script CMakeFiles/cmTC_80fd2.dir/link.txt --verbose=1
/usr/bin/cc  -Wall -Wextra -std=gnu11  -O3  -g -DCHECK_FUNCTION_EXISTS=pthread_create  -Wl,--enable-new-dtags  CMakeFiles/cmTC_80fd2.dir/CheckFunctionExists.c.o  -o cmTC_80fd2  -lpthreads 
/usr/bin/ld: cannot find -lpthreads
collect2: error: ld returned 1 exit status
CMakeFiles/cmTC_80fd2.dir/build.make:103: recipe for target 'cmTC_80fd2' failed
make[1]: *** [cmTC_80fd2] Error 1
make[1]: Leaving directory '/home/joungwook/PID-Comm/upmem-2021.3.0_opt/src/backends/build/CMakeFiles/CMakeTmp'
Makefile:138: recipe for target 'cmTC_80fd2/fast' failed
make: *** [cmTC_80fd2/fast] Error 2



Performing C SOURCE FILE Test C_HAS_SSE3_1 failed with the following compile output:
Change Dir: /home/joungwook/PID-Comm/upmem-2021.3.0_opt/src/backends/build/CMakeFiles/CMakeTmp

Run Build Command(s):/usr/bin/make cmTC_62f2a/fast && /usr/bin/make -f CMakeFiles/cmTC_62f2a.dir/build.make CMakeFiles/cmTC_62f2a.dir/build
make[1]: Entering directory '/home/joungwook/PID-Comm/upmem-2021.3.0_opt/src/backends/build/CMakeFiles/CMakeTmp'
Building C object CMakeFiles/cmTC_62f2a.dir/src.c.o
/usr/bin/cc   -Wall -Wextra -std=gnu11  -O3  -g -DC_HAS_SSE3_1   -o CMakeFiles/cmTC_62f2a.dir/src.c.o   -c /home/joungwook/PID-Comm/upmem-2021.3.0_opt/src/backends/build/CMakeFiles/CMakeTmp/src.c
/home/joungwook/PID-Comm/upmem-2021.3.0_opt/src/backends/build/CMakeFiles/CMakeTmp/src.c: In function ‘main’:
/home/joungwook/PID-Comm/upmem-2021.3.0_opt/src/backends/build/CMakeFiles/CMakeTmp/src.c:6:13: warning: variable ‘a’ set but not used [-Wunused-but-set-variable]
    6 |     __m128i a;
      |             ^
In file included from /home/joungwook/PID-Comm/upmem-2021.3.0_opt/src/backends/build/CMakeFiles/CMakeTmp/src.c:2:
/usr/lib/gcc/x86_64-linux-gnu/9/include/pmmintrin.h:110:1: error: inlining failed in call to always_inline ‘_mm_lddqu_si128’: target specific option mismatch
  110 | _mm_lddqu_si128 (__m128i const *__P)
      | ^~~~~~~~~~~~~~~
/home/joungwook/PID-Comm/upmem-2021.3.0_opt/src/backends/build/CMakeFiles/CMakeTmp/src.c:7:9: note: called from here
    7 |     a = _mm_lddqu_si128( (const __m128i*)vals );
      |         ^~~~~~~~~~~~~~~~~~~~~~~~~~~~~~~~~~~~~~~
CMakeFiles/cmTC_62f2a.dir/build.make:82: recipe for target 'CMakeFiles/cmTC_62f2a.dir/src.c.o' failed
make[1]: *** [CMakeFiles/cmTC_62f2a.dir/src.c.o] Error 1
make[1]: Leaving directory '/home/joungwook/PID-Comm/upmem-2021.3.0_opt/src/backends/build/CMakeFiles/CMakeTmp'
Makefile:138: recipe for target 'cmTC_62f2a/fast' failed
make: *** [cmTC_62f2a/fast] Error 2


...and run output:

Return value: 1
Source file was:

  #include <pmmintrin.h>
  int main( )
  {
    const int vals[4] = {0,0,0,0};
    __m128i a;
    a = _mm_lddqu_si128( (const __m128i*)vals );
    return 0;
  }
Performing C SOURCE FILE Test C_COMPILES_SSE3_1 failed with the following output:
Change Dir: /home/joungwook/PID-Comm/upmem-2021.3.0_opt/src/backends/build/CMakeFiles/CMakeTmp

Run Build Command(s):/usr/bin/make cmTC_985b5/fast && /usr/bin/make -f CMakeFiles/cmTC_985b5.dir/build.make CMakeFiles/cmTC_985b5.dir/build
make[1]: Entering directory '/home/joungwook/PID-Comm/upmem-2021.3.0_opt/src/backends/build/CMakeFiles/CMakeTmp'
Building C object CMakeFiles/cmTC_985b5.dir/src.c.o
/usr/bin/cc   -Wall -Wextra -std=gnu11  -O3  -g -DC_COMPILES_SSE3_1   -o CMakeFiles/cmTC_985b5.dir/src.c.o   -c /home/joungwook/PID-Comm/upmem-2021.3.0_opt/src/backends/build/CMakeFiles/CMakeTmp/src.c
/home/joungwook/PID-Comm/upmem-2021.3.0_opt/src/backends/build/CMakeFiles/CMakeTmp/src.c: In function ‘main’:
/home/joungwook/PID-Comm/upmem-2021.3.0_opt/src/backends/build/CMakeFiles/CMakeTmp/src.c:6:13: warning: variable ‘a’ set but not used [-Wunused-but-set-variable]
    6 |     __m128i a;
      |             ^
In file included from /home/joungwook/PID-Comm/upmem-2021.3.0_opt/src/backends/build/CMakeFiles/CMakeTmp/src.c:2:
/usr/lib/gcc/x86_64-linux-gnu/9/include/pmmintrin.h:110:1: error: inlining failed in call to always_inline ‘_mm_lddqu_si128’: target specific option mismatch
  110 | _mm_lddqu_si128 (__m128i const *__P)
      | ^~~~~~~~~~~~~~~
/home/joungwook/PID-Comm/upmem-2021.3.0_opt/src/backends/build/CMakeFiles/CMakeTmp/src.c:7:9: note: called from here
    7 |     a = _mm_lddqu_si128( (const __m128i*)vals );
      |         ^~~~~~~~~~~~~~~~~~~~~~~~~~~~~~~~~~~~~~~
CMakeFiles/cmTC_985b5.dir/build.make:82: recipe for target 'CMakeFiles/cmTC_985b5.dir/src.c.o' failed
make[1]: *** [CMakeFiles/cmTC_985b5.dir/src.c.o] Error 1
make[1]: Leaving directory '/home/joungwook/PID-Comm/upmem-2021.3.0_opt/src/backends/build/CMakeFiles/CMakeTmp'
Makefile:138: recipe for target 'cmTC_985b5/fast' failed
make: *** [cmTC_985b5/fast] Error 2


Source file was:

  #include <pmmintrin.h>
  int main( )
  {
    const int vals[4] = {0,0,0,0};
    __m128i a;
    a = _mm_lddqu_si128( (const __m128i*)vals );
    return 0;
  }
Performing C SOURCE FILE Test C_HAS_SSE4_1_1 failed with the following compile output:
Change Dir: /home/joungwook/PID-Comm/upmem-2021.3.0_opt/src/backends/build/CMakeFiles/CMakeTmp

Run Build Command(s):/usr/bin/make cmTC_c2dbd/fast && /usr/bin/make -f CMakeFiles/cmTC_c2dbd.dir/build.make CMakeFiles/cmTC_c2dbd.dir/build
make[1]: Entering directory '/home/joungwook/PID-Comm/upmem-2021.3.0_opt/src/backends/build/CMakeFiles/CMakeTmp'
Building C object CMakeFiles/cmTC_c2dbd.dir/src.c.o
/usr/bin/cc   -Wall -Wextra -std=gnu11  -O3  -g -DC_HAS_SSE4_1_1   -o CMakeFiles/cmTC_c2dbd.dir/src.c.o   -c /home/joungwook/PID-Comm/upmem-2021.3.0_opt/src/backends/build/CMakeFiles/CMakeTmp/src.c
/home/joungwook/PID-Comm/upmem-2021.3.0_opt/src/backends/build/CMakeFiles/CMakeTmp/src.c: In function ‘main’:
/home/joungwook/PID-Comm/upmem-2021.3.0_opt/src/backends/build/CMakeFiles/CMakeTmp/src.c:5:22: warning: excess elements in vector initializer
    5 |     __m128i a = {0,0,0,0}, b = {0,0,0,0};
      |                      ^
/home/joungwook/PID-Comm/upmem-2021.3.0_opt/src/backends/build/CMakeFiles/CMakeTmp/src.c:5:22: note: (near initialization for ‘a’)
/home/joungwook/PID-Comm/upmem-2021.3.0_opt/src/backends/build/CMakeFiles/CMakeTmp/src.c:5:24: warning: excess elements in vector initializer
    5 |     __m128i a = {0,0,0,0}, b = {0,0,0,0};
      |                        ^
/home/joungwook/PID-Comm/upmem-2021.3.0_opt/src/backends/build/CMakeFiles/CMakeTmp/src.c:5:24: note: (near initialization for ‘a’)
/home/joungwook/PID-Comm/upmem-2021.3.0_opt/src/backends/build/CMakeFiles/CMakeTmp/src.c:5:37: warning: excess elements in vector initializer
    5 |     __m128i a = {0,0,0,0}, b = {0,0,0,0};
      |                                     ^
/home/joungwook/PID-Comm/upmem-2021.3.0_opt/src/backends/build/CMakeFiles/CMakeTmp/src.c:5:37: note: (near initialization for ‘b’)
/home/joungwook/PID-Comm/upmem-2021.3.0_opt/src/backends/build/CMakeFiles/CMakeTmp/src.c:5:39: warning: excess elements in vector initializer
    5 |     __m128i a = {0,0,0,0}, b = {0,0,0,0};
      |                                       ^
/home/joungwook/PID-Comm/upmem-2021.3.0_opt/src/backends/build/CMakeFiles/CMakeTmp/src.c:5:39: note: (near initialization for ‘b’)
/home/joungwook/PID-Comm/upmem-2021.3.0_opt/src/backends/build/CMakeFiles/CMakeTmp/src.c:6:13: warning: unused variable ‘res’ [-Wunused-variable]
    6 |     __m128i res = _mm_max_epi8(a, b);
      |             ^~~
In file included from /home/joungwook/PID-Comm/upmem-2021.3.0_opt/src/backends/build/CMakeFiles/CMakeTmp/src.c:2:
/usr/lib/gcc/x86_64-linux-gnu/9/include/smmintrin.h:282:1: error: inlining failed in call to always_inline ‘_mm_max_epi8’: target specific option mismatch
  282 | _mm_max_epi8 (__m128i __X, __m128i __Y)
      | ^~~~~~~~~~~~
/home/joungwook/PID-Comm/upmem-2021.3.0_opt/src/backends/build/CMakeFiles/CMakeTmp/src.c:6:19: note: called from here
    6 |     __m128i res = _mm_max_epi8(a, b);
      |                   ^~~~~~~~~~~~~~~~~~
CMakeFiles/cmTC_c2dbd.dir/build.make:82: recipe for target 'CMakeFiles/cmTC_c2dbd.dir/src.c.o' failed
make[1]: *** [CMakeFiles/cmTC_c2dbd.dir/src.c.o] Error 1
make[1]: Leaving directory '/home/joungwook/PID-Comm/upmem-2021.3.0_opt/src/backends/build/CMakeFiles/CMakeTmp'
Makefile:138: recipe for target 'cmTC_c2dbd/fast' failed
make: *** [cmTC_c2dbd/fast] Error 2


...and run output:

Return value: 1
Source file was:

  #include <smmintrin.h>
  int main ()
  {
    __m128i a = {0,0,0,0}, b = {0,0,0,0};
    __m128i res = _mm_max_epi8(a, b);
    return 0;
  }

Performing C SOURCE FILE Test C_COMPILES_SSE4_1_1 failed with the following output:
Change Dir: /home/joungwook/PID-Comm/upmem-2021.3.0_opt/src/backends/build/CMakeFiles/CMakeTmp

Run Build Command(s):/usr/bin/make cmTC_3407b/fast && /usr/bin/make -f CMakeFiles/cmTC_3407b.dir/build.make CMakeFiles/cmTC_3407b.dir/build
make[1]: Entering directory '/home/joungwook/PID-Comm/upmem-2021.3.0_opt/src/backends/build/CMakeFiles/CMakeTmp'
Building C object CMakeFiles/cmTC_3407b.dir/src.c.o
/usr/bin/cc   -Wall -Wextra -std=gnu11  -O3  -g -DC_COMPILES_SSE4_1_1   -o CMakeFiles/cmTC_3407b.dir/src.c.o   -c /home/joungwook/PID-Comm/upmem-2021.3.0_opt/src/backends/build/CMakeFiles/CMakeTmp/src.c
/home/joungwook/PID-Comm/upmem-2021.3.0_opt/src/backends/build/CMakeFiles/CMakeTmp/src.c: In function ‘main’:
/home/joungwook/PID-Comm/upmem-2021.3.0_opt/src/backends/build/CMakeFiles/CMakeTmp/src.c:5:22: warning: excess elements in vector initializer
    5 |     __m128i a = {0,0,0,0}, b = {0,0,0,0};
      |                      ^
/home/joungwook/PID-Comm/upmem-2021.3.0_opt/src/backends/build/CMakeFiles/CMakeTmp/src.c:5:22: note: (near initialization for ‘a’)
/home/joungwook/PID-Comm/upmem-2021.3.0_opt/src/backends/build/CMakeFiles/CMakeTmp/src.c:5:24: warning: excess elements in vector initializer
    5 |     __m128i a = {0,0,0,0}, b = {0,0,0,0};
      |                        ^
/home/joungwook/PID-Comm/upmem-2021.3.0_opt/src/backends/build/CMakeFiles/CMakeTmp/src.c:5:24: note: (near initialization for ‘a’)
/home/joungwook/PID-Comm/upmem-2021.3.0_opt/src/backends/build/CMakeFiles/CMakeTmp/src.c:5:37: warning: excess elements in vector initializer
    5 |     __m128i a = {0,0,0,0}, b = {0,0,0,0};
      |                                     ^
/home/joungwook/PID-Comm/upmem-2021.3.0_opt/src/backends/build/CMakeFiles/CMakeTmp/src.c:5:37: note: (near initialization for ‘b’)
/home/joungwook/PID-Comm/upmem-2021.3.0_opt/src/backends/build/CMakeFiles/CMakeTmp/src.c:5:39: warning: excess elements in vector initializer
    5 |     __m128i a = {0,0,0,0}, b = {0,0,0,0};
      |                                       ^
/home/joungwook/PID-Comm/upmem-2021.3.0_opt/src/backends/build/CMakeFiles/CMakeTmp/src.c:5:39: note: (near initialization for ‘b’)
/home/joungwook/PID-Comm/upmem-2021.3.0_opt/src/backends/build/CMakeFiles/CMakeTmp/src.c:6:13: warning: unused variable ‘res’ [-Wunused-variable]
    6 |     __m128i res = _mm_max_epi8(a, b);
      |             ^~~
In file included from /home/joungwook/PID-Comm/upmem-2021.3.0_opt/src/backends/build/CMakeFiles/CMakeTmp/src.c:2:
/usr/lib/gcc/x86_64-linux-gnu/9/include/smmintrin.h:282:1: error: inlining failed in call to always_inline ‘_mm_max_epi8’: target specific option mismatch
  282 | _mm_max_epi8 (__m128i __X, __m128i __Y)
      | ^~~~~~~~~~~~
/home/joungwook/PID-Comm/upmem-2021.3.0_opt/src/backends/build/CMakeFiles/CMakeTmp/src.c:6:19: note: called from here
    6 |     __m128i res = _mm_max_epi8(a, b);
      |                   ^~~~~~~~~~~~~~~~~~
CMakeFiles/cmTC_3407b.dir/build.make:82: recipe for target 'CMakeFiles/cmTC_3407b.dir/src.c.o' failed
make[1]: *** [CMakeFiles/cmTC_3407b.dir/src.c.o] Error 1
make[1]: Leaving directory '/home/joungwook/PID-Comm/upmem-2021.3.0_opt/src/backends/build/CMakeFiles/CMakeTmp'
Makefile:138: recipe for target 'cmTC_3407b/fast' failed
make: *** [cmTC_3407b/fast] Error 2


Source file was:

  #include <smmintrin.h>
  int main ()
  {
    __m128i a = {0,0,0,0}, b = {0,0,0,0};
    __m128i res = _mm_max_epi8(a, b);
    return 0;
  }

Performing C SOURCE FILE Test C_HAS_SSE4_2_1 failed with the following compile output:
Change Dir: /home/joungwook/PID-Comm/upmem-2021.3.0_opt/src/backends/build/CMakeFiles/CMakeTmp

Run Build Command(s):/usr/bin/make cmTC_7b872/fast && /usr/bin/make -f CMakeFiles/cmTC_7b872.dir/build.make CMakeFiles/cmTC_7b872.dir/build
make[1]: Entering directory '/home/joungwook/PID-Comm/upmem-2021.3.0_opt/src/backends/build/CMakeFiles/CMakeTmp'
Building C object CMakeFiles/cmTC_7b872.dir/src.c.o
/usr/bin/cc   -Wall -Wextra -std=gnu11  -O3  -g -DC_HAS_SSE4_2_1   -o CMakeFiles/cmTC_7b872.dir/src.c.o   -c /home/joungwook/PID-Comm/upmem-2021.3.0_opt/src/backends/build/CMakeFiles/CMakeTmp/src.c
/home/joungwook/PID-Comm/upmem-2021.3.0_opt/src/backends/build/CMakeFiles/CMakeTmp/src.c: In function ‘main’:
/home/joungwook/PID-Comm/upmem-2021.3.0_opt/src/backends/build/CMakeFiles/CMakeTmp/src.c:5:22: warning: excess elements in vector initializer
    5 |     __m128i a = {0,0,0,0}, b = {0,0,0,0}, c = {0,0,0,0};
      |                      ^
/home/joungwook/PID-Comm/upmem-2021.3.0_opt/src/backends/build/CMakeFiles/CMakeTmp/src.c:5:22: note: (near initialization for ‘a’)
/home/joungwook/PID-Comm/upmem-2021.3.0_opt/src/backends/build/CMakeFiles/CMakeTmp/src.c:5:24: warning: excess elements in vector initializer
    5 |     __m128i a = {0,0,0,0}, b = {0,0,0,0}, c = {0,0,0,0};
      |                        ^
/home/joungwook/PID-Comm/upmem-2021.3.0_opt/src/backends/build/CMakeFiles/CMakeTmp/src.c:5:24: note: (near initialization for ‘a’)
/home/joungwook/PID-Comm/upmem-2021.3.0_opt/src/backends/build/CMakeFiles/CMakeTmp/src.c:5:37: warning: excess elements in vector initializer
    5 |     __m128i a = {0,0,0,0}, b = {0,0,0,0}, c = {0,0,0,0};
      |                                     ^
/home/joungwook/PID-Comm/upmem-2021.3.0_opt/src/backends/build/CMakeFiles/CMakeTmp/src.c:5:37: note: (near initialization for ‘b’)
/home/joungwook/PID-Comm/upmem-2021.3.0_opt/src/backends/build/CMakeFiles/CMakeTmp/src.c:5:39: warning: excess elements in vector initializer
    5 |     __m128i a = {0,0,0,0}, b = {0,0,0,0}, c = {0,0,0,0};
      |                                       ^
/home/joungwook/PID-Comm/upmem-2021.3.0_opt/src/backends/build/CMakeFiles/CMakeTmp/src.c:5:39: note: (near initialization for ‘b’)
/home/joungwook/PID-Comm/upmem-2021.3.0_opt/src/backends/build/CMakeFiles/CMakeTmp/src.c:5:52: warning: excess elements in vector initializer
    5 |     __m128i a = {0,0,0,0}, b = {0,0,0,0}, c = {0,0,0,0};
      |                                                    ^
/home/joungwook/PID-Comm/upmem-2021.3.0_opt/src/backends/build/CMakeFiles/CMakeTmp/src.c:5:52: note: (near initialization for ‘c’)
/home/joungwook/PID-Comm/upmem-2021.3.0_opt/src/backends/build/CMakeFiles/CMakeTmp/src.c:5:54: warning: excess elements in vector initializer
    5 |     __m128i a = {0,0,0,0}, b = {0,0,0,0}, c = {0,0,0,0};
      |                                                      ^
/home/joungwook/PID-Comm/upmem-2021.3.0_opt/src/backends/build/CMakeFiles/CMakeTmp/src.c:5:54: note: (near initialization for ‘c’)
/home/joungwook/PID-Comm/upmem-2021.3.0_opt/src/backends/build/CMakeFiles/CMakeTmp/src.c:5:43: warning: variable ‘c’ set but not used [-Wunused-but-set-variable]
    5 |     __m128i a = {0,0,0,0}, b = {0,0,0,0}, c = {0,0,0,0};
      |                                           ^
In file included from /usr/lib/gcc/x86_64-linux-gnu/9/include/nmmintrin.h:31,
                 from /home/joungwook/PID-Comm/upmem-2021.3.0_opt/src/backends/build/CMakeFiles/CMakeTmp/src.c:2:
/usr/lib/gcc/x86_64-linux-gnu/9/include/smmintrin.h:796:1: error: inlining failed in call to always_inline ‘_mm_cmpgt_epi64’: target specific option mismatch
  796 | _mm_cmpgt_epi64 (__m128i __X, __m128i __Y)
      | ^~~~~~~~~~~~~~~
/home/joungwook/PID-Comm/upmem-2021.3.0_opt/src/backends/build/CMakeFiles/CMakeTmp/src.c:6:9: note: called from here
    6 |     c = _mm_cmpgt_epi64(a, b);
      |         ^~~~~~~~~~~~~~~~~~~~~
CMakeFiles/cmTC_7b872.dir/build.make:82: recipe for target 'CMakeFiles/cmTC_7b872.dir/src.c.o' failed
make[1]: *** [CMakeFiles/cmTC_7b872.dir/src.c.o] Error 1
make[1]: Leaving directory '/home/joungwook/PID-Comm/upmem-2021.3.0_opt/src/backends/build/CMakeFiles/CMakeTmp'
Makefile:138: recipe for target 'cmTC_7b872/fast' failed
make: *** [cmTC_7b872/fast] Error 2


...and run output:

Return value: 1
Source file was:

  #include <nmmintrin.h>
  int main()
  {
    __m128i a = {0,0,0,0}, b = {0,0,0,0}, c = {0,0,0,0};
    c = _mm_cmpgt_epi64(a, b);
    return 0;
  }

Performing C SOURCE FILE Test C_COMPILES_SSE4_2_1 failed with the following output:
Change Dir: /home/joungwook/PID-Comm/upmem-2021.3.0_opt/src/backends/build/CMakeFiles/CMakeTmp

Run Build Command(s):/usr/bin/make cmTC_17a48/fast && /usr/bin/make -f CMakeFiles/cmTC_17a48.dir/build.make CMakeFiles/cmTC_17a48.dir/build
make[1]: Entering directory '/home/joungwook/PID-Comm/upmem-2021.3.0_opt/src/backends/build/CMakeFiles/CMakeTmp'
Building C object CMakeFiles/cmTC_17a48.dir/src.c.o
/usr/bin/cc   -Wall -Wextra -std=gnu11  -O3  -g -DC_COMPILES_SSE4_2_1   -o CMakeFiles/cmTC_17a48.dir/src.c.o   -c /home/joungwook/PID-Comm/upmem-2021.3.0_opt/src/backends/build/CMakeFiles/CMakeTmp/src.c
/home/joungwook/PID-Comm/upmem-2021.3.0_opt/src/backends/build/CMakeFiles/CMakeTmp/src.c: In function ‘main’:
/home/joungwook/PID-Comm/upmem-2021.3.0_opt/src/backends/build/CMakeFiles/CMakeTmp/src.c:5:22: warning: excess elements in vector initializer
    5 |     __m128i a = {0,0,0,0}, b = {0,0,0,0}, c = {0,0,0,0};
      |                      ^
/home/joungwook/PID-Comm/upmem-2021.3.0_opt/src/backends/build/CMakeFiles/CMakeTmp/src.c:5:22: note: (near initialization for ‘a’)
/home/joungwook/PID-Comm/upmem-2021.3.0_opt/src/backends/build/CMakeFiles/CMakeTmp/src.c:5:24: warning: excess elements in vector initializer
    5 |     __m128i a = {0,0,0,0}, b = {0,0,0,0}, c = {0,0,0,0};
      |                        ^
/home/joungwook/PID-Comm/upmem-2021.3.0_opt/src/backends/build/CMakeFiles/CMakeTmp/src.c:5:24: note: (near initialization for ‘a’)
/home/joungwook/PID-Comm/upmem-2021.3.0_opt/src/backends/build/CMakeFiles/CMakeTmp/src.c:5:37: warning: excess elements in vector initializer
    5 |     __m128i a = {0,0,0,0}, b = {0,0,0,0}, c = {0,0,0,0};
      |                                     ^
/home/joungwook/PID-Comm/upmem-2021.3.0_opt/src/backends/build/CMakeFiles/CMakeTmp/src.c:5:37: note: (near initialization for ‘b’)
/home/joungwook/PID-Comm/upmem-2021.3.0_opt/src/backends/build/CMakeFiles/CMakeTmp/src.c:5:39: warning: excess elements in vector initializer
    5 |     __m128i a = {0,0,0,0}, b = {0,0,0,0}, c = {0,0,0,0};
      |                                       ^
/home/joungwook/PID-Comm/upmem-2021.3.0_opt/src/backends/build/CMakeFiles/CMakeTmp/src.c:5:39: note: (near initialization for ‘b’)
/home/joungwook/PID-Comm/upmem-2021.3.0_opt/src/backends/build/CMakeFiles/CMakeTmp/src.c:5:52: warning: excess elements in vector initializer
    5 |     __m128i a = {0,0,0,0}, b = {0,0,0,0}, c = {0,0,0,0};
      |                                                    ^
/home/joungwook/PID-Comm/upmem-2021.3.0_opt/src/backends/build/CMakeFiles/CMakeTmp/src.c:5:52: note: (near initialization for ‘c’)
/home/joungwook/PID-Comm/upmem-2021.3.0_opt/src/backends/build/CMakeFiles/CMakeTmp/src.c:5:54: warning: excess elements in vector initializer
    5 |     __m128i a = {0,0,0,0}, b = {0,0,0,0}, c = {0,0,0,0};
      |                                                      ^
/home/joungwook/PID-Comm/upmem-2021.3.0_opt/src/backends/build/CMakeFiles/CMakeTmp/src.c:5:54: note: (near initialization for ‘c’)
/home/joungwook/PID-Comm/upmem-2021.3.0_opt/src/backends/build/CMakeFiles/CMakeTmp/src.c:5:43: warning: variable ‘c’ set but not used [-Wunused-but-set-variable]
    5 |     __m128i a = {0,0,0,0}, b = {0,0,0,0}, c = {0,0,0,0};
      |                                           ^
In file included from /usr/lib/gcc/x86_64-linux-gnu/9/include/nmmintrin.h:31,
                 from /home/joungwook/PID-Comm/upmem-2021.3.0_opt/src/backends/build/CMakeFiles/CMakeTmp/src.c:2:
/usr/lib/gcc/x86_64-linux-gnu/9/include/smmintrin.h:796:1: error: inlining failed in call to always_inline ‘_mm_cmpgt_epi64’: target specific option mismatch
  796 | _mm_cmpgt_epi64 (__m128i __X, __m128i __Y)
      | ^~~~~~~~~~~~~~~
/home/joungwook/PID-Comm/upmem-2021.3.0_opt/src/backends/build/CMakeFiles/CMakeTmp/src.c:6:9: note: called from here
    6 |     c = _mm_cmpgt_epi64(a, b);
      |         ^~~~~~~~~~~~~~~~~~~~~
CMakeFiles/cmTC_17a48.dir/build.make:82: recipe for target 'CMakeFiles/cmTC_17a48.dir/src.c.o' failed
make[1]: *** [CMakeFiles/cmTC_17a48.dir/src.c.o] Error 1
make[1]: Leaving directory '/home/joungwook/PID-Comm/upmem-2021.3.0_opt/src/backends/build/CMakeFiles/CMakeTmp'
Makefile:138: recipe for target 'cmTC_17a48/fast' failed
make: *** [cmTC_17a48/fast] Error 2


Source file was:

  #include <nmmintrin.h>
  int main()
  {
    __m128i a = {0,0,0,0}, b = {0,0,0,0}, c = {0,0,0,0};
    c = _mm_cmpgt_epi64(a, b);
    return 0;
  }

Performing C SOURCE FILE Test C_HAS_AVX_1 failed with the following compile output:
Change Dir: /home/joungwook/PID-Comm/upmem-2021.3.0_opt/src/backends/build/CMakeFiles/CMakeTmp

Run Build Command(s):/usr/bin/make cmTC_a5811/fast && /usr/bin/make -f CMakeFiles/cmTC_a5811.dir/build.make CMakeFiles/cmTC_a5811.dir/build
make[1]: Entering directory '/home/joungwook/PID-Comm/upmem-2021.3.0_opt/src/backends/build/CMakeFiles/CMakeTmp'
Building C object CMakeFiles/cmTC_a5811.dir/src.c.o
/usr/bin/cc   -Wall -Wextra -std=gnu11  -O3  -g -DC_HAS_AVX_1   -o CMakeFiles/cmTC_a5811.dir/src.c.o   -c /home/joungwook/PID-Comm/upmem-2021.3.0_opt/src/backends/build/CMakeFiles/CMakeTmp/src.c
/home/joungwook/PID-Comm/upmem-2021.3.0_opt/src/backends/build/CMakeFiles/CMakeTmp/src.c: In function ‘main’:
/home/joungwook/PID-Comm/upmem-2021.3.0_opt/src/backends/build/CMakeFiles/CMakeTmp/src.c:5:12: warning: variable ‘a’ set but not used [-Wunused-but-set-variable]
    5 |     __m256 a;
      |            ^
/home/joungwook/PID-Comm/upmem-2021.3.0_opt/src/backends/build/CMakeFiles/CMakeTmp/src.c:6:7: warning: AVX vector return without AVX enabled changes the ABI [-Wpsabi]
    6 |     a = _mm256_set1_ps(0);
      |     ~~^~~~~~~~~~~~~~~~~~~
In file included from /usr/lib/gcc/x86_64-linux-gnu/9/include/immintrin.h:51,
                 from /home/joungwook/PID-Comm/upmem-2021.3.0_opt/src/backends/build/CMakeFiles/CMakeTmp/src.c:2:
/usr/lib/gcc/x86_64-linux-gnu/9/include/avxintrin.h:1311:1: error: inlining failed in call to always_inline ‘_mm256_set1_ps’: target specific option mismatch
 1311 | _mm256_set1_ps (float __A)
      | ^~~~~~~~~~~~~~
/home/joungwook/PID-Comm/upmem-2021.3.0_opt/src/backends/build/CMakeFiles/CMakeTmp/src.c:6:9: note: called from here
    6 |     a = _mm256_set1_ps(0);
      |         ^~~~~~~~~~~~~~~~~
CMakeFiles/cmTC_a5811.dir/build.make:82: recipe for target 'CMakeFiles/cmTC_a5811.dir/src.c.o' failed
make[1]: *** [CMakeFiles/cmTC_a5811.dir/src.c.o] Error 1
make[1]: Leaving directory '/home/joungwook/PID-Comm/upmem-2021.3.0_opt/src/backends/build/CMakeFiles/CMakeTmp'
Makefile:138: recipe for target 'cmTC_a5811/fast' failed
make: *** [cmTC_a5811/fast] Error 2


...and run output:

Return value: 1
Source file was:

  #include <immintrin.h>
  int main()
  {
    __m256 a;
    a = _mm256_set1_ps(0);
    return 0;
  }

Performing C SOURCE FILE Test C_COMPILES_AVX_1 failed with the following output:
Change Dir: /home/joungwook/PID-Comm/upmem-2021.3.0_opt/src/backends/build/CMakeFiles/CMakeTmp

Run Build Command(s):/usr/bin/make cmTC_33905/fast && /usr/bin/make -f CMakeFiles/cmTC_33905.dir/build.make CMakeFiles/cmTC_33905.dir/build
make[1]: Entering directory '/home/joungwook/PID-Comm/upmem-2021.3.0_opt/src/backends/build/CMakeFiles/CMakeTmp'
Building C object CMakeFiles/cmTC_33905.dir/src.c.o
/usr/bin/cc   -Wall -Wextra -std=gnu11  -O3  -g -DC_COMPILES_AVX_1   -o CMakeFiles/cmTC_33905.dir/src.c.o   -c /home/joungwook/PID-Comm/upmem-2021.3.0_opt/src/backends/build/CMakeFiles/CMakeTmp/src.c
/home/joungwook/PID-Comm/upmem-2021.3.0_opt/src/backends/build/CMakeFiles/CMakeTmp/src.c: In function ‘main’:
/home/joungwook/PID-Comm/upmem-2021.3.0_opt/src/backends/build/CMakeFiles/CMakeTmp/src.c:5:12: warning: variable ‘a’ set but not used [-Wunused-but-set-variable]
    5 |     __m256 a;
      |            ^
/home/joungwook/PID-Comm/upmem-2021.3.0_opt/src/backends/build/CMakeFiles/CMakeTmp/src.c:6:7: warning: AVX vector return without AVX enabled changes the ABI [-Wpsabi]
    6 |     a = _mm256_set1_ps(0);
      |     ~~^~~~~~~~~~~~~~~~~~~
In file included from /usr/lib/gcc/x86_64-linux-gnu/9/include/immintrin.h:51,
                 from /home/joungwook/PID-Comm/upmem-2021.3.0_opt/src/backends/build/CMakeFiles/CMakeTmp/src.c:2:
/usr/lib/gcc/x86_64-linux-gnu/9/include/avxintrin.h:1311:1: error: inlining failed in call to always_inline ‘_mm256_set1_ps’: target specific option mismatch
 1311 | _mm256_set1_ps (float __A)
      | ^~~~~~~~~~~~~~
/home/joungwook/PID-Comm/upmem-2021.3.0_opt/src/backends/build/CMakeFiles/CMakeTmp/src.c:6:9: note: called from here
    6 |     a = _mm256_set1_ps(0);
      |         ^~~~~~~~~~~~~~~~~
CMakeFiles/cmTC_33905.dir/build.make:82: recipe for target 'CMakeFiles/cmTC_33905.dir/src.c.o' failed
make[1]: *** [CMakeFiles/cmTC_33905.dir/src.c.o] Error 1
make[1]: Leaving directory '/home/joungwook/PID-Comm/upmem-2021.3.0_opt/src/backends/build/CMakeFiles/CMakeTmp'
Makefile:138: recipe for target 'cmTC_33905/fast' failed
make: *** [cmTC_33905/fast] Error 2


Source file was:

  #include <immintrin.h>
  int main()
  {
    __m256 a;
    a = _mm256_set1_ps(0);
    return 0;
  }

Performing C SOURCE FILE Test C_HAS_AVX2_1 failed with the following compile output:
Change Dir: /home/joungwook/PID-Comm/upmem-2021.3.0_opt/src/backends/build/CMakeFiles/CMakeTmp

Run Build Command(s):/usr/bin/make cmTC_e1d7f/fast && /usr/bin/make -f CMakeFiles/cmTC_e1d7f.dir/build.make CMakeFiles/cmTC_e1d7f.dir/build
make[1]: Entering directory '/home/joungwook/PID-Comm/upmem-2021.3.0_opt/src/backends/build/CMakeFiles/CMakeTmp'
Building C object CMakeFiles/cmTC_e1d7f.dir/src.c.o
/usr/bin/cc   -Wall -Wextra -std=gnu11  -O3  -g -DC_HAS_AVX2_1   -o CMakeFiles/cmTC_e1d7f.dir/src.c.o   -c /home/joungwook/PID-Comm/upmem-2021.3.0_opt/src/backends/build/CMakeFiles/CMakeTmp/src.c
/home/joungwook/PID-Comm/upmem-2021.3.0_opt/src/backends/build/CMakeFiles/CMakeTmp/src.c: In function ‘main’:
/home/joungwook/PID-Comm/upmem-2021.3.0_opt/src/backends/build/CMakeFiles/CMakeTmp/src.c:6:7: warning: AVX vector return without AVX enabled changes the ABI [-Wpsabi]
    6 |     a = _mm256_abs_epi16(a);
      |     ~~^~~~~~~~~~~~~~~~~~~~~
In file included from /usr/lib/gcc/x86_64-linux-gnu/9/include/immintrin.h:53,
                 from /home/joungwook/PID-Comm/upmem-2021.3.0_opt/src/backends/build/CMakeFiles/CMakeTmp/src.c:2:
/usr/lib/gcc/x86_64-linux-gnu/9/include/avx2intrin.h:63:1: error: inlining failed in call to always_inline ‘_mm256_abs_epi16’: target specific option mismatch
   63 | _mm256_abs_epi16 (__m256i __A)
      | ^~~~~~~~~~~~~~~~
/home/joungwook/PID-Comm/upmem-2021.3.0_opt/src/backends/build/CMakeFiles/CMakeTmp/src.c:6:9: note: called from here
    6 |     a = _mm256_abs_epi16(a);
      |         ^~~~~~~~~~~~~~~~~~~
CMakeFiles/cmTC_e1d7f.dir/build.make:82: recipe for target 'CMakeFiles/cmTC_e1d7f.dir/src.c.o' failed
make[1]: *** [CMakeFiles/cmTC_e1d7f.dir/src.c.o] Error 1
make[1]: Leaving directory '/home/joungwook/PID-Comm/upmem-2021.3.0_opt/src/backends/build/CMakeFiles/CMakeTmp'
Makefile:138: recipe for target 'cmTC_e1d7f/fast' failed
make: *** [cmTC_e1d7f/fast] Error 2


...and run output:

Return value: 1
Source file was:

  #include <immintrin.h>
  int main()
  {
    __m256i a = {0};
    a = _mm256_abs_epi16(a);
    return 0;
  }

Performing C SOURCE FILE Test C_COMPILES_AVX2_1 failed with the following output:
Change Dir: /home/joungwook/PID-Comm/upmem-2021.3.0_opt/src/backends/build/CMakeFiles/CMakeTmp

Run Build Command(s):/usr/bin/make cmTC_e4be0/fast && /usr/bin/make -f CMakeFiles/cmTC_e4be0.dir/build.make CMakeFiles/cmTC_e4be0.dir/build
make[1]: Entering directory '/home/joungwook/PID-Comm/upmem-2021.3.0_opt/src/backends/build/CMakeFiles/CMakeTmp'
Building C object CMakeFiles/cmTC_e4be0.dir/src.c.o
/usr/bin/cc   -Wall -Wextra -std=gnu11  -O3  -g -DC_COMPILES_AVX2_1   -o CMakeFiles/cmTC_e4be0.dir/src.c.o   -c /home/joungwook/PID-Comm/upmem-2021.3.0_opt/src/backends/build/CMakeFiles/CMakeTmp/src.c
/home/joungwook/PID-Comm/upmem-2021.3.0_opt/src/backends/build/CMakeFiles/CMakeTmp/src.c: In function ‘main’:
/home/joungwook/PID-Comm/upmem-2021.3.0_opt/src/backends/build/CMakeFiles/CMakeTmp/src.c:6:7: warning: AVX vector return without AVX enabled changes the ABI [-Wpsabi]
    6 |     a = _mm256_abs_epi16(a);
      |     ~~^~~~~~~~~~~~~~~~~~~~~
In file included from /usr/lib/gcc/x86_64-linux-gnu/9/include/immintrin.h:53,
                 from /home/joungwook/PID-Comm/upmem-2021.3.0_opt/src/backends/build/CMakeFiles/CMakeTmp/src.c:2:
/usr/lib/gcc/x86_64-linux-gnu/9/include/avx2intrin.h:63:1: error: inlining failed in call to always_inline ‘_mm256_abs_epi16’: target specific option mismatch
   63 | _mm256_abs_epi16 (__m256i __A)
      | ^~~~~~~~~~~~~~~~
/home/joungwook/PID-Comm/upmem-2021.3.0_opt/src/backends/build/CMakeFiles/CMakeTmp/src.c:6:9: note: called from here
    6 |     a = _mm256_abs_epi16(a);
      |         ^~~~~~~~~~~~~~~~~~~
CMakeFiles/cmTC_e4be0.dir/build.make:82: recipe for target 'CMakeFiles/cmTC_e4be0.dir/src.c.o' failed
make[1]: *** [CMakeFiles/cmTC_e4be0.dir/src.c.o] Error 1
make[1]: Leaving directory '/home/joungwook/PID-Comm/upmem-2021.3.0_opt/src/backends/build/CMakeFiles/CMakeTmp'
Makefile:138: recipe for target 'cmTC_e4be0/fast' failed
make: *** [cmTC_e4be0/fast] Error 2


Source file was:

  #include <immintrin.h>
  int main()
  {
    __m256i a = {0};
    a = _mm256_abs_epi16(a);
    return 0;
  }

Performing C SOURCE FILE Test C_HAS_AVX512F_1 failed with the following compile output:
Change Dir: /home/joungwook/PID-Comm/upmem-2021.3.0_opt/src/backends/build/CMakeFiles/CMakeTmp

Run Build Command(s):/usr/bin/make cmTC_cf64b/fast && /usr/bin/make -f CMakeFiles/cmTC_cf64b.dir/build.make CMakeFiles/cmTC_cf64b.dir/build
make[1]: Entering directory '/home/joungwook/PID-Comm/upmem-2021.3.0_opt/src/backends/build/CMakeFiles/CMakeTmp'
Building C object CMakeFiles/cmTC_cf64b.dir/src.c.o
/usr/bin/cc   -Wall -Wextra -std=gnu11  -O3  -g -DC_HAS_AVX512F_1   -o CMakeFiles/cmTC_cf64b.dir/src.c.o   -c /home/joungwook/PID-Comm/upmem-2021.3.0_opt/src/backends/build/CMakeFiles/CMakeTmp/src.c
/home/joungwook/PID-Comm/upmem-2021.3.0_opt/src/backends/build/CMakeFiles/CMakeTmp/src.c: In function ‘main’:
/home/joungwook/PID-Comm/upmem-2021.3.0_opt/src/backends/build/CMakeFiles/CMakeTmp/src.c:5:12: warning: AVX512F vector return without AVX512F enabled changes the ABI [-Wpsabi]
    5 |     __m512 a = _mm512_set1_ps(1.f);
      |            ^
In file included from /usr/lib/gcc/x86_64-linux-gnu/9/include/immintrin.h:55,
                 from /home/joungwook/PID-Comm/upmem-2021.3.0_opt/src/backends/build/CMakeFiles/CMakeTmp/src.c:2:
/usr/lib/gcc/x86_64-linux-gnu/9/include/avx512fintrin.h:12294:1: error: inlining failed in call to always_inline ‘_mm512_add_ps’: target specific option mismatch
12294 | _mm512_add_ps (__m512 __A, __m512 __B)
      | ^~~~~~~~~~~~~
/home/joungwook/PID-Comm/upmem-2021.3.0_opt/src/backends/build/CMakeFiles/CMakeTmp/src.c:6:9: note: called from here
    6 |     a = _mm512_add_ps(a, _mm512_set1_ps(1.f));;
      |         ^~~~~~~~~~~~~~~~~~~~~~~~~~~~~~~~~~~~~
In file included from /usr/lib/gcc/x86_64-linux-gnu/9/include/immintrin.h:55,
                 from /home/joungwook/PID-Comm/upmem-2021.3.0_opt/src/backends/build/CMakeFiles/CMakeTmp/src.c:2:
/usr/lib/gcc/x86_64-linux-gnu/9/include/avx512fintrin.h:251:1: error: inlining failed in call to always_inline ‘_mm512_set1_ps’: target specific option mismatch
  251 | _mm512_set1_ps (float __A)
      | ^~~~~~~~~~~~~~
/home/joungwook/PID-Comm/upmem-2021.3.0_opt/src/backends/build/CMakeFiles/CMakeTmp/src.c:6:9: note: called from here
    6 |     a = _mm512_add_ps(a, _mm512_set1_ps(1.f));;
      |         ^~~~~~~~~~~~~~~~~~~~~~~~~~~~~~~~~~~~~
In file included from /usr/lib/gcc/x86_64-linux-gnu/9/include/immintrin.h:55,
                 from /home/joungwook/PID-Comm/upmem-2021.3.0_opt/src/backends/build/CMakeFiles/CMakeTmp/src.c:2:
/usr/lib/gcc/x86_64-linux-gnu/9/include/avx512fintrin.h:251:1: error: inlining failed in call to always_inline ‘_mm512_set1_ps’: target specific option mismatch
  251 | _mm512_set1_ps (float __A)
      | ^~~~~~~~~~~~~~
/home/joungwook/PID-Comm/upmem-2021.3.0_opt/src/backends/build/CMakeFiles/CMakeTmp/src.c:5:16: note: called from here
    5 |     __m512 a = _mm512_set1_ps(1.f);
      |                ^~~~~~~~~~~~~~~~~~~
CMakeFiles/cmTC_cf64b.dir/build.make:82: recipe for target 'CMakeFiles/cmTC_cf64b.dir/src.c.o' failed
make[1]: *** [CMakeFiles/cmTC_cf64b.dir/src.c.o] Error 1
make[1]: Leaving directory '/home/joungwook/PID-Comm/upmem-2021.3.0_opt/src/backends/build/CMakeFiles/CMakeTmp'
Makefile:138: recipe for target 'cmTC_cf64b/fast' failed
make: *** [cmTC_cf64b/fast] Error 2


...and run output:

Return value: 1
Source file was:

  #include <immintrin.h>
  int main()
  {
    __m512 a = _mm512_set1_ps(1.f);
    a = _mm512_add_ps(a, _mm512_set1_ps(1.f));;
    return 0;
  }

Performing C SOURCE FILE Test C_COMPILES_AVX512F_1 failed with the following output:
Change Dir: /home/joungwook/PID-Comm/upmem-2021.3.0_opt/src/backends/build/CMakeFiles/CMakeTmp

Run Build Command(s):/usr/bin/make cmTC_4c07d/fast && /usr/bin/make -f CMakeFiles/cmTC_4c07d.dir/build.make CMakeFiles/cmTC_4c07d.dir/build
make[1]: Entering directory '/home/joungwook/PID-Comm/upmem-2021.3.0_opt/src/backends/build/CMakeFiles/CMakeTmp'
Building C object CMakeFiles/cmTC_4c07d.dir/src.c.o
/usr/bin/cc   -Wall -Wextra -std=gnu11  -O3  -g -DC_COMPILES_AVX512F_1   -o CMakeFiles/cmTC_4c07d.dir/src.c.o   -c /home/joungwook/PID-Comm/upmem-2021.3.0_opt/src/backends/build/CMakeFiles/CMakeTmp/src.c
/home/joungwook/PID-Comm/upmem-2021.3.0_opt/src/backends/build/CMakeFiles/CMakeTmp/src.c: In function ‘main’:
/home/joungwook/PID-Comm/upmem-2021.3.0_opt/src/backends/build/CMakeFiles/CMakeTmp/src.c:5:12: warning: AVX512F vector return without AVX512F enabled changes the ABI [-Wpsabi]
    5 |     __m512 a = _mm512_set1_ps(1.f);
      |            ^
In file included from /usr/lib/gcc/x86_64-linux-gnu/9/include/immintrin.h:55,
                 from /home/joungwook/PID-Comm/upmem-2021.3.0_opt/src/backends/build/CMakeFiles/CMakeTmp/src.c:2:
/usr/lib/gcc/x86_64-linux-gnu/9/include/avx512fintrin.h:12294:1: error: inlining failed in call to always_inline ‘_mm512_add_ps’: target specific option mismatch
12294 | _mm512_add_ps (__m512 __A, __m512 __B)
      | ^~~~~~~~~~~~~
/home/joungwook/PID-Comm/upmem-2021.3.0_opt/src/backends/build/CMakeFiles/CMakeTmp/src.c:6:9: note: called from here
    6 |     a = _mm512_add_ps(a, _mm512_set1_ps(1.f));;
      |         ^~~~~~~~~~~~~~~~~~~~~~~~~~~~~~~~~~~~~
In file included from /usr/lib/gcc/x86_64-linux-gnu/9/include/immintrin.h:55,
                 from /home/joungwook/PID-Comm/upmem-2021.3.0_opt/src/backends/build/CMakeFiles/CMakeTmp/src.c:2:
/usr/lib/gcc/x86_64-linux-gnu/9/include/avx512fintrin.h:251:1: error: inlining failed in call to always_inline ‘_mm512_set1_ps’: target specific option mismatch
  251 | _mm512_set1_ps (float __A)
      | ^~~~~~~~~~~~~~
/home/joungwook/PID-Comm/upmem-2021.3.0_opt/src/backends/build/CMakeFiles/CMakeTmp/src.c:6:9: note: called from here
    6 |     a = _mm512_add_ps(a, _mm512_set1_ps(1.f));;
      |         ^~~~~~~~~~~~~~~~~~~~~~~~~~~~~~~~~~~~~
In file included from /usr/lib/gcc/x86_64-linux-gnu/9/include/immintrin.h:55,
                 from /home/joungwook/PID-Comm/upmem-2021.3.0_opt/src/backends/build/CMakeFiles/CMakeTmp/src.c:2:
/usr/lib/gcc/x86_64-linux-gnu/9/include/avx512fintrin.h:251:1: error: inlining failed in call to always_inline ‘_mm512_set1_ps’: target specific option mismatch
  251 | _mm512_set1_ps (float __A)
      | ^~~~~~~~~~~~~~
/home/joungwook/PID-Comm/upmem-2021.3.0_opt/src/backends/build/CMakeFiles/CMakeTmp/src.c:5:16: note: called from here
    5 |     __m512 a = _mm512_set1_ps(1.f);
      |                ^~~~~~~~~~~~~~~~~~~
CMakeFiles/cmTC_4c07d.dir/build.make:82: recipe for target 'CMakeFiles/cmTC_4c07d.dir/src.c.o' failed
make[1]: *** [CMakeFiles/cmTC_4c07d.dir/src.c.o] Error 1
make[1]: Leaving directory '/home/joungwook/PID-Comm/upmem-2021.3.0_opt/src/backends/build/CMakeFiles/CMakeTmp'
Makefile:138: recipe for target 'cmTC_4c07d/fast' failed
make: *** [cmTC_4c07d/fast] Error 2


Source file was:

  #include <immintrin.h>
  int main()
  {
    __m512 a = _mm512_set1_ps(1.f);
    a = _mm512_add_ps(a, _mm512_set1_ps(1.f));;
    return 0;
  }

Performing C SOURCE FILE Test C_HAS_AVX512BW_1 failed with the following compile output:
Change Dir: /home/joungwook/PID-Comm/upmem-2021.3.0_opt/src/backends/build/CMakeFiles/CMakeTmp

Run Build Command(s):/usr/bin/make cmTC_d8961/fast && /usr/bin/make -f CMakeFiles/cmTC_d8961.dir/build.make CMakeFiles/cmTC_d8961.dir/build
make[1]: Entering directory '/home/joungwook/PID-Comm/upmem-2021.3.0_opt/src/backends/build/CMakeFiles/CMakeTmp'
Building C object CMakeFiles/cmTC_d8961.dir/src.c.o
/usr/bin/cc   -Wall -Wextra -std=gnu11  -O3  -g -DC_HAS_AVX512BW_1   -o CMakeFiles/cmTC_d8961.dir/src.c.o   -c /home/joungwook/PID-Comm/upmem-2021.3.0_opt/src/backends/build/CMakeFiles/CMakeTmp/src.c
/home/joungwook/PID-Comm/upmem-2021.3.0_opt/src/backends/build/CMakeFiles/CMakeTmp/src.c: In function ‘main’:
/home/joungwook/PID-Comm/upmem-2021.3.0_opt/src/backends/build/CMakeFiles/CMakeTmp/src.c:5:13: warning: AVX512F vector return without AVX512F enabled changes the ABI [-Wpsabi]
    5 |     __m512i mask = _mm512_set_epi64(0, 0, 0, 0, 0, 0, 0, 0);
      |             ^~~~
In file included from /usr/lib/gcc/x86_64-linux-gnu/9/include/immintrin.h:65,
                 from /home/joungwook/PID-Comm/upmem-2021.3.0_opt/src/backends/build/CMakeFiles/CMakeTmp/src.c:2:
/usr/lib/gcc/x86_64-linux-gnu/9/include/avx512bwintrin.h:1852:1: error: inlining failed in call to always_inline ‘_mm512_shuffle_epi8’: target specific option mismatch
 1852 | _mm512_shuffle_epi8 (__m512i __A, __m512i __B)
      | ^~~~~~~~~~~~~~~~~~~
/home/joungwook/PID-Comm/upmem-2021.3.0_opt/src/backends/build/CMakeFiles/CMakeTmp/src.c:7:12: note: called from here
    7 |     load = _mm512_shuffle_epi8(load, mask);
      |            ^~~~~~~~~~~~~~~~~~~~~~~~~~~~~~~
In file included from /usr/lib/gcc/x86_64-linux-gnu/9/include/immintrin.h:55,
                 from /home/joungwook/PID-Comm/upmem-2021.3.0_opt/src/backends/build/CMakeFiles/CMakeTmp/src.c:2:
/usr/lib/gcc/x86_64-linux-gnu/9/include/avx512fintrin.h:79:1: error: inlining failed in call to always_inline ‘_mm512_set_epi64’: target specific option mismatch
   79 | _mm512_set_epi64 (long long __A, long long __B, long long __C,
      | ^~~~~~~~~~~~~~~~
/home/joungwook/PID-Comm/upmem-2021.3.0_opt/src/backends/build/CMakeFiles/CMakeTmp/src.c:5:20: note: called from here
    5 |     __m512i mask = _mm512_set_epi64(0, 0, 0, 0, 0, 0, 0, 0);
      |                    ^~~~~~~~~~~~~~~~~~~~~~~~~~~~~~~~~~~~~~~~
CMakeFiles/cmTC_d8961.dir/build.make:82: recipe for target 'CMakeFiles/cmTC_d8961.dir/src.c.o' failed
make[1]: *** [CMakeFiles/cmTC_d8961.dir/src.c.o] Error 1
make[1]: Leaving directory '/home/joungwook/PID-Comm/upmem-2021.3.0_opt/src/backends/build/CMakeFiles/CMakeTmp'
Makefile:138: recipe for target 'cmTC_d8961/fast' failed
make: *** [cmTC_d8961/fast] Error 2


...and run output:

Return value: 1
Source file was:

  #include <immintrin.h>
  int main()
  {
    __m512i mask = _mm512_set_epi64(0, 0, 0, 0, 0, 0, 0, 0);
    __m512i load = {0};
    load = _mm512_shuffle_epi8(load, mask);
    return 0;
  }

Performing C SOURCE FILE Test C_COMPILES_AVX512BW_1 failed with the following output:
Change Dir: /home/joungwook/PID-Comm/upmem-2021.3.0_opt/src/backends/build/CMakeFiles/CMakeTmp

Run Build Command(s):/usr/bin/make cmTC_bb188/fast && /usr/bin/make -f CMakeFiles/cmTC_bb188.dir/build.make CMakeFiles/cmTC_bb188.dir/build
make[1]: Entering directory '/home/joungwook/PID-Comm/upmem-2021.3.0_opt/src/backends/build/CMakeFiles/CMakeTmp'
Building C object CMakeFiles/cmTC_bb188.dir/src.c.o
/usr/bin/cc   -Wall -Wextra -std=gnu11  -O3  -g -DC_COMPILES_AVX512BW_1   -o CMakeFiles/cmTC_bb188.dir/src.c.o   -c /home/joungwook/PID-Comm/upmem-2021.3.0_opt/src/backends/build/CMakeFiles/CMakeTmp/src.c
/home/joungwook/PID-Comm/upmem-2021.3.0_opt/src/backends/build/CMakeFiles/CMakeTmp/src.c: In function ‘main’:
/home/joungwook/PID-Comm/upmem-2021.3.0_opt/src/backends/build/CMakeFiles/CMakeTmp/src.c:5:13: warning: AVX512F vector return without AVX512F enabled changes the ABI [-Wpsabi]
    5 |     __m512i mask = _mm512_set_epi64(0, 0, 0, 0, 0, 0, 0, 0);
      |             ^~~~
In file included from /usr/lib/gcc/x86_64-linux-gnu/9/include/immintrin.h:65,
                 from /home/joungwook/PID-Comm/upmem-2021.3.0_opt/src/backends/build/CMakeFiles/CMakeTmp/src.c:2:
/usr/lib/gcc/x86_64-linux-gnu/9/include/avx512bwintrin.h:1852:1: error: inlining failed in call to always_inline ‘_mm512_shuffle_epi8’: target specific option mismatch
 1852 | _mm512_shuffle_epi8 (__m512i __A, __m512i __B)
      | ^~~~~~~~~~~~~~~~~~~
/home/joungwook/PID-Comm/upmem-2021.3.0_opt/src/backends/build/CMakeFiles/CMakeTmp/src.c:7:12: note: called from here
    7 |     load = _mm512_shuffle_epi8(load, mask);
      |            ^~~~~~~~~~~~~~~~~~~~~~~~~~~~~~~
In file included from /usr/lib/gcc/x86_64-linux-gnu/9/include/immintrin.h:55,
                 from /home/joungwook/PID-Comm/upmem-2021.3.0_opt/src/backends/build/CMakeFiles/CMakeTmp/src.c:2:
/usr/lib/gcc/x86_64-linux-gnu/9/include/avx512fintrin.h:79:1: error: inlining failed in call to always_inline ‘_mm512_set_epi64’: target specific option mismatch
   79 | _mm512_set_epi64 (long long __A, long long __B, long long __C,
      | ^~~~~~~~~~~~~~~~
/home/joungwook/PID-Comm/upmem-2021.3.0_opt/src/backends/build/CMakeFiles/CMakeTmp/src.c:5:20: note: called from here
    5 |     __m512i mask = _mm512_set_epi64(0, 0, 0, 0, 0, 0, 0, 0);
      |                    ^~~~~~~~~~~~~~~~~~~~~~~~~~~~~~~~~~~~~~~~
CMakeFiles/cmTC_bb188.dir/build.make:82: recipe for target 'CMakeFiles/cmTC_bb188.dir/src.c.o' failed
make[1]: *** [CMakeFiles/cmTC_bb188.dir/src.c.o] Error 1
make[1]: Leaving directory '/home/joungwook/PID-Comm/upmem-2021.3.0_opt/src/backends/build/CMakeFiles/CMakeTmp'
Makefile:138: recipe for target 'cmTC_bb188/fast' failed
make: *** [cmTC_bb188/fast] Error 2


Source file was:

  #include <immintrin.h>
  int main()
  {
    __m512i mask = _mm512_set_epi64(0, 0, 0, 0, 0, 0, 0, 0);
    __m512i load = {0};
    load = _mm512_shuffle_epi8(load, mask);
    return 0;
  }

Performing C SOURCE FILE Test C_HAS_CLFLUSHOPT_1 failed with the following compile output:
Change Dir: /home/joungwook/PID-Comm/upmem-2021.3.0_opt/src/backends/build/CMakeFiles/CMakeTmp

Run Build Command(s):/usr/bin/make cmTC_18cb5/fast && /usr/bin/make -f CMakeFiles/cmTC_18cb5.dir/build.make CMakeFiles/cmTC_18cb5.dir/build
make[1]: Entering directory '/home/joungwook/PID-Comm/upmem-2021.3.0_opt/src/backends/build/CMakeFiles/CMakeTmp'
Building C object CMakeFiles/cmTC_18cb5.dir/src.c.o
/usr/bin/cc   -Wall -Wextra -std=gnu11  -O3  -g -DC_HAS_CLFLUSHOPT_1   -o CMakeFiles/cmTC_18cb5.dir/src.c.o   -c /home/joungwook/PID-Comm/upmem-2021.3.0_opt/src/backends/build/CMakeFiles/CMakeTmp/src.c
/home/joungwook/PID-Comm/upmem-2021.3.0_opt/src/backends/build/CMakeFiles/CMakeTmp/src.c: In function ‘main’:
/home/joungwook/PID-Comm/upmem-2021.3.0_opt/src/backends/build/CMakeFiles/CMakeTmp/src.c:6:5: error: ‘__builtin_ia32_clflushopt’ needs isa option -mclflushopt
    6 |     __builtin_ia32_clflushopt(&flush);
      |     ^~~~~~~~~~~~~~~~~~~~~~~~~~~~~~~~~
CMakeFiles/cmTC_18cb5.dir/build.make:82: recipe for target 'CMakeFiles/cmTC_18cb5.dir/src.c.o' failed
make[1]: *** [CMakeFiles/cmTC_18cb5.dir/src.c.o] Error 1
make[1]: Leaving directory '/home/joungwook/PID-Comm/upmem-2021.3.0_opt/src/backends/build/CMakeFiles/CMakeTmp'
Makefile:138: recipe for target 'cmTC_18cb5/fast' failed
make: *** [cmTC_18cb5/fast] Error 2


...and run output:

Return value: 1
Source file was:

  #include <immintrin.h>
  int main()
  {
    int flush;
    __builtin_ia32_clflushopt(&flush);
    return 0;
  }

Performing C SOURCE FILE Test C_COMPILES_CLFLUSHOPT_1 failed with the following output:
Change Dir: /home/joungwook/PID-Comm/upmem-2021.3.0_opt/src/backends/build/CMakeFiles/CMakeTmp

Run Build Command(s):/usr/bin/make cmTC_8aa23/fast && /usr/bin/make -f CMakeFiles/cmTC_8aa23.dir/build.make CMakeFiles/cmTC_8aa23.dir/build
make[1]: Entering directory '/home/joungwook/PID-Comm/upmem-2021.3.0_opt/src/backends/build/CMakeFiles/CMakeTmp'
Building C object CMakeFiles/cmTC_8aa23.dir/src.c.o
/usr/bin/cc   -Wall -Wextra -std=gnu11  -O3  -g -DC_COMPILES_CLFLUSHOPT_1   -o CMakeFiles/cmTC_8aa23.dir/src.c.o   -c /home/joungwook/PID-Comm/upmem-2021.3.0_opt/src/backends/build/CMakeFiles/CMakeTmp/src.c
/home/joungwook/PID-Comm/upmem-2021.3.0_opt/src/backends/build/CMakeFiles/CMakeTmp/src.c: In function ‘main’:
/home/joungwook/PID-Comm/upmem-2021.3.0_opt/src/backends/build/CMakeFiles/CMakeTmp/src.c:6:5: error: ‘__builtin_ia32_clflushopt’ needs isa option -mclflushopt
    6 |     __builtin_ia32_clflushopt(&flush);
      |     ^~~~~~~~~~~~~~~~~~~~~~~~~~~~~~~~~
CMakeFiles/cmTC_8aa23.dir/build.make:82: recipe for target 'CMakeFiles/cmTC_8aa23.dir/src.c.o' failed
make[1]: *** [CMakeFiles/cmTC_8aa23.dir/src.c.o] Error 1
make[1]: Leaving directory '/home/joungwook/PID-Comm/upmem-2021.3.0_opt/src/backends/build/CMakeFiles/CMakeTmp'
Makefile:138: recipe for target 'cmTC_8aa23/fast' failed
make: *** [cmTC_8aa23/fast] Error 2


Source file was:

  #include <immintrin.h>
  int main()
  {
    int flush;
    __builtin_ia32_clflushopt(&flush);
    return 0;
  }

Performing C SOURCE FILE Test CXX_HAS_SSE3_1 failed with the following compile output:
Change Dir: /home/joungwook/PID-Comm/upmem-2021.3.0_opt/src/backends/build/CMakeFiles/CMakeTmp

Run Build Command(s):/usr/bin/make cmTC_5dcc5/fast && /usr/bin/make -f CMakeFiles/cmTC_5dcc5.dir/build.make CMakeFiles/cmTC_5dcc5.dir/build
make[1]: Entering directory '/home/joungwook/PID-Comm/upmem-2021.3.0_opt/src/backends/build/CMakeFiles/CMakeTmp'
Building C object CMakeFiles/cmTC_5dcc5.dir/src.c.o
/usr/bin/cc   -Wall -Wextra -std=gnu11  -O3  -g -DCXX_HAS_SSE3_1   -o CMakeFiles/cmTC_5dcc5.dir/src.c.o   -c /home/joungwook/PID-Comm/upmem-2021.3.0_opt/src/backends/build/CMakeFiles/CMakeTmp/src.c
/home/joungwook/PID-Comm/upmem-2021.3.0_opt/src/backends/build/CMakeFiles/CMakeTmp/src.c: In function ‘main’:
/home/joungwook/PID-Comm/upmem-2021.3.0_opt/src/backends/build/CMakeFiles/CMakeTmp/src.c:6:13: warning: variable ‘a’ set but not used [-Wunused-but-set-variable]
    6 |     __m128i a;
      |             ^
In file included from /home/joungwook/PID-Comm/upmem-2021.3.0_opt/src/backends/build/CMakeFiles/CMakeTmp/src.c:2:
/usr/lib/gcc/x86_64-linux-gnu/9/include/pmmintrin.h:110:1: error: inlining failed in call to always_inline ‘_mm_lddqu_si128’: target specific option mismatch
  110 | _mm_lddqu_si128 (__m128i const *__P)
      | ^~~~~~~~~~~~~~~
/home/joungwook/PID-Comm/upmem-2021.3.0_opt/src/backends/build/CMakeFiles/CMakeTmp/src.c:7:9: note: called from here
    7 |     a = _mm_lddqu_si128( (const __m128i*)vals );
      |         ^~~~~~~~~~~~~~~~~~~~~~~~~~~~~~~~~~~~~~~
CMakeFiles/cmTC_5dcc5.dir/build.make:82: recipe for target 'CMakeFiles/cmTC_5dcc5.dir/src.c.o' failed
make[1]: *** [CMakeFiles/cmTC_5dcc5.dir/src.c.o] Error 1
make[1]: Leaving directory '/home/joungwook/PID-Comm/upmem-2021.3.0_opt/src/backends/build/CMakeFiles/CMakeTmp'
Makefile:138: recipe for target 'cmTC_5dcc5/fast' failed
make: *** [cmTC_5dcc5/fast] Error 2


...and run output:

Return value: 1
Source file was:

  #include <pmmintrin.h>
  int main( )
  {
    const int vals[4] = {0,0,0,0};
    __m128i a;
    a = _mm_lddqu_si128( (const __m128i*)vals );
    return 0;
  }
Performing C SOURCE FILE Test CXX_COMPILES_SSE3_1 failed with the following output:
Change Dir: /home/joungwook/PID-Comm/upmem-2021.3.0_opt/src/backends/build/CMakeFiles/CMakeTmp

Run Build Command(s):/usr/bin/make cmTC_7a4f1/fast && /usr/bin/make -f CMakeFiles/cmTC_7a4f1.dir/build.make CMakeFiles/cmTC_7a4f1.dir/build
make[1]: Entering directory '/home/joungwook/PID-Comm/upmem-2021.3.0_opt/src/backends/build/CMakeFiles/CMakeTmp'
Building C object CMakeFiles/cmTC_7a4f1.dir/src.c.o
/usr/bin/cc   -Wall -Wextra -std=gnu11  -O3  -g -DCXX_COMPILES_SSE3_1   -o CMakeFiles/cmTC_7a4f1.dir/src.c.o   -c /home/joungwook/PID-Comm/upmem-2021.3.0_opt/src/backends/build/CMakeFiles/CMakeTmp/src.c
/home/joungwook/PID-Comm/upmem-2021.3.0_opt/src/backends/build/CMakeFiles/CMakeTmp/src.c: In function ‘main’:
/home/joungwook/PID-Comm/upmem-2021.3.0_opt/src/backends/build/CMakeFiles/CMakeTmp/src.c:6:13: warning: variable ‘a’ set but not used [-Wunused-but-set-variable]
    6 |     __m128i a;
      |             ^
In file included from /home/joungwook/PID-Comm/upmem-2021.3.0_opt/src/backends/build/CMakeFiles/CMakeTmp/src.c:2:
/usr/lib/gcc/x86_64-linux-gnu/9/include/pmmintrin.h:110:1: error: inlining failed in call to always_inline ‘_mm_lddqu_si128’: target specific option mismatch
  110 | _mm_lddqu_si128 (__m128i const *__P)
      | ^~~~~~~~~~~~~~~
/home/joungwook/PID-Comm/upmem-2021.3.0_opt/src/backends/build/CMakeFiles/CMakeTmp/src.c:7:9: note: called from here
    7 |     a = _mm_lddqu_si128( (const __m128i*)vals );
      |         ^~~~~~~~~~~~~~~~~~~~~~~~~~~~~~~~~~~~~~~
CMakeFiles/cmTC_7a4f1.dir/build.make:82: recipe for target 'CMakeFiles/cmTC_7a4f1.dir/src.c.o' failed
make[1]: *** [CMakeFiles/cmTC_7a4f1.dir/src.c.o] Error 1
make[1]: Leaving directory '/home/joungwook/PID-Comm/upmem-2021.3.0_opt/src/backends/build/CMakeFiles/CMakeTmp'
Makefile:138: recipe for target 'cmTC_7a4f1/fast' failed
make: *** [cmTC_7a4f1/fast] Error 2


Source file was:

  #include <pmmintrin.h>
  int main( )
  {
    const int vals[4] = {0,0,0,0};
    __m128i a;
    a = _mm_lddqu_si128( (const __m128i*)vals );
    return 0;
  }
Performing C SOURCE FILE Test CXX_HAS_SSE4_1_1 failed with the following compile output:
Change Dir: /home/joungwook/PID-Comm/upmem-2021.3.0_opt/src/backends/build/CMakeFiles/CMakeTmp

Run Build Command(s):/usr/bin/make cmTC_ad62c/fast && /usr/bin/make -f CMakeFiles/cmTC_ad62c.dir/build.make CMakeFiles/cmTC_ad62c.dir/build
make[1]: Entering directory '/home/joungwook/PID-Comm/upmem-2021.3.0_opt/src/backends/build/CMakeFiles/CMakeTmp'
Building C object CMakeFiles/cmTC_ad62c.dir/src.c.o
/usr/bin/cc   -Wall -Wextra -std=gnu11  -O3  -g -DCXX_HAS_SSE4_1_1   -o CMakeFiles/cmTC_ad62c.dir/src.c.o   -c /home/joungwook/PID-Comm/upmem-2021.3.0_opt/src/backends/build/CMakeFiles/CMakeTmp/src.c
/home/joungwook/PID-Comm/upmem-2021.3.0_opt/src/backends/build/CMakeFiles/CMakeTmp/src.c: In function ‘main’:
/home/joungwook/PID-Comm/upmem-2021.3.0_opt/src/backends/build/CMakeFiles/CMakeTmp/src.c:5:22: warning: excess elements in vector initializer
    5 |     __m128i a = {0,0,0,0}, b = {0,0,0,0};
      |                      ^
/home/joungwook/PID-Comm/upmem-2021.3.0_opt/src/backends/build/CMakeFiles/CMakeTmp/src.c:5:22: note: (near initialization for ‘a’)
/home/joungwook/PID-Comm/upmem-2021.3.0_opt/src/backends/build/CMakeFiles/CMakeTmp/src.c:5:24: warning: excess elements in vector initializer
    5 |     __m128i a = {0,0,0,0}, b = {0,0,0,0};
      |                        ^
/home/joungwook/PID-Comm/upmem-2021.3.0_opt/src/backends/build/CMakeFiles/CMakeTmp/src.c:5:24: note: (near initialization for ‘a’)
/home/joungwook/PID-Comm/upmem-2021.3.0_opt/src/backends/build/CMakeFiles/CMakeTmp/src.c:5:37: warning: excess elements in vector initializer
    5 |     __m128i a = {0,0,0,0}, b = {0,0,0,0};
      |                                     ^
/home/joungwook/PID-Comm/upmem-2021.3.0_opt/src/backends/build/CMakeFiles/CMakeTmp/src.c:5:37: note: (near initialization for ‘b’)
/home/joungwook/PID-Comm/upmem-2021.3.0_opt/src/backends/build/CMakeFiles/CMakeTmp/src.c:5:39: warning: excess elements in vector initializer
    5 |     __m128i a = {0,0,0,0}, b = {0,0,0,0};
      |                                       ^
/home/joungwook/PID-Comm/upmem-2021.3.0_opt/src/backends/build/CMakeFiles/CMakeTmp/src.c:5:39: note: (near initialization for ‘b’)
/home/joungwook/PID-Comm/upmem-2021.3.0_opt/src/backends/build/CMakeFiles/CMakeTmp/src.c:6:13: warning: unused variable ‘res’ [-Wunused-variable]
    6 |     __m128i res = _mm_max_epi8(a, b);
      |             ^~~
In file included from /home/joungwook/PID-Comm/upmem-2021.3.0_opt/src/backends/build/CMakeFiles/CMakeTmp/src.c:2:
/usr/lib/gcc/x86_64-linux-gnu/9/include/smmintrin.h:282:1: error: inlining failed in call to always_inline ‘_mm_max_epi8’: target specific option mismatch
  282 | _mm_max_epi8 (__m128i __X, __m128i __Y)
      | ^~~~~~~~~~~~
/home/joungwook/PID-Comm/upmem-2021.3.0_opt/src/backends/build/CMakeFiles/CMakeTmp/src.c:6:19: note: called from here
    6 |     __m128i res = _mm_max_epi8(a, b);
      |                   ^~~~~~~~~~~~~~~~~~
CMakeFiles/cmTC_ad62c.dir/build.make:82: recipe for target 'CMakeFiles/cmTC_ad62c.dir/src.c.o' failed
make[1]: *** [CMakeFiles/cmTC_ad62c.dir/src.c.o] Error 1
make[1]: Leaving directory '/home/joungwook/PID-Comm/upmem-2021.3.0_opt/src/backends/build/CMakeFiles/CMakeTmp'
Makefile:138: recipe for target 'cmTC_ad62c/fast' failed
make: *** [cmTC_ad62c/fast] Error 2


...and run output:

Return value: 1
Source file was:

  #include <smmintrin.h>
  int main ()
  {
    __m128i a = {0,0,0,0}, b = {0,0,0,0};
    __m128i res = _mm_max_epi8(a, b);
    return 0;
  }

Performing C SOURCE FILE Test CXX_COMPILES_SSE4_1_1 failed with the following output:
Change Dir: /home/joungwook/PID-Comm/upmem-2021.3.0_opt/src/backends/build/CMakeFiles/CMakeTmp

Run Build Command(s):/usr/bin/make cmTC_22b4e/fast && /usr/bin/make -f CMakeFiles/cmTC_22b4e.dir/build.make CMakeFiles/cmTC_22b4e.dir/build
make[1]: Entering directory '/home/joungwook/PID-Comm/upmem-2021.3.0_opt/src/backends/build/CMakeFiles/CMakeTmp'
Building C object CMakeFiles/cmTC_22b4e.dir/src.c.o
/usr/bin/cc   -Wall -Wextra -std=gnu11  -O3  -g -DCXX_COMPILES_SSE4_1_1   -o CMakeFiles/cmTC_22b4e.dir/src.c.o   -c /home/joungwook/PID-Comm/upmem-2021.3.0_opt/src/backends/build/CMakeFiles/CMakeTmp/src.c
/home/joungwook/PID-Comm/upmem-2021.3.0_opt/src/backends/build/CMakeFiles/CMakeTmp/src.c: In function ‘main’:
/home/joungwook/PID-Comm/upmem-2021.3.0_opt/src/backends/build/CMakeFiles/CMakeTmp/src.c:5:22: warning: excess elements in vector initializer
    5 |     __m128i a = {0,0,0,0}, b = {0,0,0,0};
      |                      ^
/home/joungwook/PID-Comm/upmem-2021.3.0_opt/src/backends/build/CMakeFiles/CMakeTmp/src.c:5:22: note: (near initialization for ‘a’)
/home/joungwook/PID-Comm/upmem-2021.3.0_opt/src/backends/build/CMakeFiles/CMakeTmp/src.c:5:24: warning: excess elements in vector initializer
    5 |     __m128i a = {0,0,0,0}, b = {0,0,0,0};
      |                        ^
/home/joungwook/PID-Comm/upmem-2021.3.0_opt/src/backends/build/CMakeFiles/CMakeTmp/src.c:5:24: note: (near initialization for ‘a’)
/home/joungwook/PID-Comm/upmem-2021.3.0_opt/src/backends/build/CMakeFiles/CMakeTmp/src.c:5:37: warning: excess elements in vector initializer
    5 |     __m128i a = {0,0,0,0}, b = {0,0,0,0};
      |                                     ^
/home/joungwook/PID-Comm/upmem-2021.3.0_opt/src/backends/build/CMakeFiles/CMakeTmp/src.c:5:37: note: (near initialization for ‘b’)
/home/joungwook/PID-Comm/upmem-2021.3.0_opt/src/backends/build/CMakeFiles/CMakeTmp/src.c:5:39: warning: excess elements in vector initializer
    5 |     __m128i a = {0,0,0,0}, b = {0,0,0,0};
      |                                       ^
/home/joungwook/PID-Comm/upmem-2021.3.0_opt/src/backends/build/CMakeFiles/CMakeTmp/src.c:5:39: note: (near initialization for ‘b’)
/home/joungwook/PID-Comm/upmem-2021.3.0_opt/src/backends/build/CMakeFiles/CMakeTmp/src.c:6:13: warning: unused variable ‘res’ [-Wunused-variable]
    6 |     __m128i res = _mm_max_epi8(a, b);
      |             ^~~
In file included from /home/joungwook/PID-Comm/upmem-2021.3.0_opt/src/backends/build/CMakeFiles/CMakeTmp/src.c:2:
/usr/lib/gcc/x86_64-linux-gnu/9/include/smmintrin.h:282:1: error: inlining failed in call to always_inline ‘_mm_max_epi8’: target specific option mismatch
  282 | _mm_max_epi8 (__m128i __X, __m128i __Y)
      | ^~~~~~~~~~~~
/home/joungwook/PID-Comm/upmem-2021.3.0_opt/src/backends/build/CMakeFiles/CMakeTmp/src.c:6:19: note: called from here
    6 |     __m128i res = _mm_max_epi8(a, b);
      |                   ^~~~~~~~~~~~~~~~~~
CMakeFiles/cmTC_22b4e.dir/build.make:82: recipe for target 'CMakeFiles/cmTC_22b4e.dir/src.c.o' failed
make[1]: *** [CMakeFiles/cmTC_22b4e.dir/src.c.o] Error 1
make[1]: Leaving directory '/home/joungwook/PID-Comm/upmem-2021.3.0_opt/src/backends/build/CMakeFiles/CMakeTmp'
Makefile:138: recipe for target 'cmTC_22b4e/fast' failed
make: *** [cmTC_22b4e/fast] Error 2


Source file was:

  #include <smmintrin.h>
  int main ()
  {
    __m128i a = {0,0,0,0}, b = {0,0,0,0};
    __m128i res = _mm_max_epi8(a, b);
    return 0;
  }

Performing C SOURCE FILE Test CXX_HAS_SSE4_2_1 failed with the following compile output:
Change Dir: /home/joungwook/PID-Comm/upmem-2021.3.0_opt/src/backends/build/CMakeFiles/CMakeTmp

Run Build Command(s):/usr/bin/make cmTC_a5ae6/fast && /usr/bin/make -f CMakeFiles/cmTC_a5ae6.dir/build.make CMakeFiles/cmTC_a5ae6.dir/build
make[1]: Entering directory '/home/joungwook/PID-Comm/upmem-2021.3.0_opt/src/backends/build/CMakeFiles/CMakeTmp'
Building C object CMakeFiles/cmTC_a5ae6.dir/src.c.o
/usr/bin/cc   -Wall -Wextra -std=gnu11  -O3  -g -DCXX_HAS_SSE4_2_1   -o CMakeFiles/cmTC_a5ae6.dir/src.c.o   -c /home/joungwook/PID-Comm/upmem-2021.3.0_opt/src/backends/build/CMakeFiles/CMakeTmp/src.c
/home/joungwook/PID-Comm/upmem-2021.3.0_opt/src/backends/build/CMakeFiles/CMakeTmp/src.c: In function ‘main’:
/home/joungwook/PID-Comm/upmem-2021.3.0_opt/src/backends/build/CMakeFiles/CMakeTmp/src.c:5:22: warning: excess elements in vector initializer
    5 |     __m128i a = {0,0,0,0}, b = {0,0,0,0}, c = {0,0,0,0};
      |                      ^
/home/joungwook/PID-Comm/upmem-2021.3.0_opt/src/backends/build/CMakeFiles/CMakeTmp/src.c:5:22: note: (near initialization for ‘a’)
/home/joungwook/PID-Comm/upmem-2021.3.0_opt/src/backends/build/CMakeFiles/CMakeTmp/src.c:5:24: warning: excess elements in vector initializer
    5 |     __m128i a = {0,0,0,0}, b = {0,0,0,0}, c = {0,0,0,0};
      |                        ^
/home/joungwook/PID-Comm/upmem-2021.3.0_opt/src/backends/build/CMakeFiles/CMakeTmp/src.c:5:24: note: (near initialization for ‘a’)
/home/joungwook/PID-Comm/upmem-2021.3.0_opt/src/backends/build/CMakeFiles/CMakeTmp/src.c:5:37: warning: excess elements in vector initializer
    5 |     __m128i a = {0,0,0,0}, b = {0,0,0,0}, c = {0,0,0,0};
      |                                     ^
/home/joungwook/PID-Comm/upmem-2021.3.0_opt/src/backends/build/CMakeFiles/CMakeTmp/src.c:5:37: note: (near initialization for ‘b’)
/home/joungwook/PID-Comm/upmem-2021.3.0_opt/src/backends/build/CMakeFiles/CMakeTmp/src.c:5:39: warning: excess elements in vector initializer
    5 |     __m128i a = {0,0,0,0}, b = {0,0,0,0}, c = {0,0,0,0};
      |                                       ^
/home/joungwook/PID-Comm/upmem-2021.3.0_opt/src/backends/build/CMakeFiles/CMakeTmp/src.c:5:39: note: (near initialization for ‘b’)
/home/joungwook/PID-Comm/upmem-2021.3.0_opt/src/backends/build/CMakeFiles/CMakeTmp/src.c:5:52: warning: excess elements in vector initializer
    5 |     __m128i a = {0,0,0,0}, b = {0,0,0,0}, c = {0,0,0,0};
      |                                                    ^
/home/joungwook/PID-Comm/upmem-2021.3.0_opt/src/backends/build/CMakeFiles/CMakeTmp/src.c:5:52: note: (near initialization for ‘c’)
/home/joungwook/PID-Comm/upmem-2021.3.0_opt/src/backends/build/CMakeFiles/CMakeTmp/src.c:5:54: warning: excess elements in vector initializer
    5 |     __m128i a = {0,0,0,0}, b = {0,0,0,0}, c = {0,0,0,0};
      |                                                      ^
/home/joungwook/PID-Comm/upmem-2021.3.0_opt/src/backends/build/CMakeFiles/CMakeTmp/src.c:5:54: note: (near initialization for ‘c’)
/home/joungwook/PID-Comm/upmem-2021.3.0_opt/src/backends/build/CMakeFiles/CMakeTmp/src.c:5:43: warning: variable ‘c’ set but not used [-Wunused-but-set-variable]
    5 |     __m128i a = {0,0,0,0}, b = {0,0,0,0}, c = {0,0,0,0};
      |                                           ^
In file included from /usr/lib/gcc/x86_64-linux-gnu/9/include/nmmintrin.h:31,
                 from /home/joungwook/PID-Comm/upmem-2021.3.0_opt/src/backends/build/CMakeFiles/CMakeTmp/src.c:2:
/usr/lib/gcc/x86_64-linux-gnu/9/include/smmintrin.h:796:1: error: inlining failed in call to always_inline ‘_mm_cmpgt_epi64’: target specific option mismatch
  796 | _mm_cmpgt_epi64 (__m128i __X, __m128i __Y)
      | ^~~~~~~~~~~~~~~
/home/joungwook/PID-Comm/upmem-2021.3.0_opt/src/backends/build/CMakeFiles/CMakeTmp/src.c:6:9: note: called from here
    6 |     c = _mm_cmpgt_epi64(a, b);
      |         ^~~~~~~~~~~~~~~~~~~~~
CMakeFiles/cmTC_a5ae6.dir/build.make:82: recipe for target 'CMakeFiles/cmTC_a5ae6.dir/src.c.o' failed
make[1]: *** [CMakeFiles/cmTC_a5ae6.dir/src.c.o] Error 1
make[1]: Leaving directory '/home/joungwook/PID-Comm/upmem-2021.3.0_opt/src/backends/build/CMakeFiles/CMakeTmp'
Makefile:138: recipe for target 'cmTC_a5ae6/fast' failed
make: *** [cmTC_a5ae6/fast] Error 2


...and run output:

Return value: 1
Source file was:

  #include <nmmintrin.h>
  int main()
  {
    __m128i a = {0,0,0,0}, b = {0,0,0,0}, c = {0,0,0,0};
    c = _mm_cmpgt_epi64(a, b);
    return 0;
  }

Performing C SOURCE FILE Test CXX_COMPILES_SSE4_2_1 failed with the following output:
Change Dir: /home/joungwook/PID-Comm/upmem-2021.3.0_opt/src/backends/build/CMakeFiles/CMakeTmp

Run Build Command(s):/usr/bin/make cmTC_cd228/fast && /usr/bin/make -f CMakeFiles/cmTC_cd228.dir/build.make CMakeFiles/cmTC_cd228.dir/build
make[1]: Entering directory '/home/joungwook/PID-Comm/upmem-2021.3.0_opt/src/backends/build/CMakeFiles/CMakeTmp'
Building C object CMakeFiles/cmTC_cd228.dir/src.c.o
/usr/bin/cc   -Wall -Wextra -std=gnu11  -O3  -g -DCXX_COMPILES_SSE4_2_1   -o CMakeFiles/cmTC_cd228.dir/src.c.o   -c /home/joungwook/PID-Comm/upmem-2021.3.0_opt/src/backends/build/CMakeFiles/CMakeTmp/src.c
/home/joungwook/PID-Comm/upmem-2021.3.0_opt/src/backends/build/CMakeFiles/CMakeTmp/src.c: In function ‘main’:
/home/joungwook/PID-Comm/upmem-2021.3.0_opt/src/backends/build/CMakeFiles/CMakeTmp/src.c:5:22: warning: excess elements in vector initializer
    5 |     __m128i a = {0,0,0,0}, b = {0,0,0,0}, c = {0,0,0,0};
      |                      ^
/home/joungwook/PID-Comm/upmem-2021.3.0_opt/src/backends/build/CMakeFiles/CMakeTmp/src.c:5:22: note: (near initialization for ‘a’)
/home/joungwook/PID-Comm/upmem-2021.3.0_opt/src/backends/build/CMakeFiles/CMakeTmp/src.c:5:24: warning: excess elements in vector initializer
    5 |     __m128i a = {0,0,0,0}, b = {0,0,0,0}, c = {0,0,0,0};
      |                        ^
/home/joungwook/PID-Comm/upmem-2021.3.0_opt/src/backends/build/CMakeFiles/CMakeTmp/src.c:5:24: note: (near initialization for ‘a’)
/home/joungwook/PID-Comm/upmem-2021.3.0_opt/src/backends/build/CMakeFiles/CMakeTmp/src.c:5:37: warning: excess elements in vector initializer
    5 |     __m128i a = {0,0,0,0}, b = {0,0,0,0}, c = {0,0,0,0};
      |                                     ^
/home/joungwook/PID-Comm/upmem-2021.3.0_opt/src/backends/build/CMakeFiles/CMakeTmp/src.c:5:37: note: (near initialization for ‘b’)
/home/joungwook/PID-Comm/upmem-2021.3.0_opt/src/backends/build/CMakeFiles/CMakeTmp/src.c:5:39: warning: excess elements in vector initializer
    5 |     __m128i a = {0,0,0,0}, b = {0,0,0,0}, c = {0,0,0,0};
      |                                       ^
/home/joungwook/PID-Comm/upmem-2021.3.0_opt/src/backends/build/CMakeFiles/CMakeTmp/src.c:5:39: note: (near initialization for ‘b’)
/home/joungwook/PID-Comm/upmem-2021.3.0_opt/src/backends/build/CMakeFiles/CMakeTmp/src.c:5:52: warning: excess elements in vector initializer
    5 |     __m128i a = {0,0,0,0}, b = {0,0,0,0}, c = {0,0,0,0};
      |                                                    ^
/home/joungwook/PID-Comm/upmem-2021.3.0_opt/src/backends/build/CMakeFiles/CMakeTmp/src.c:5:52: note: (near initialization for ‘c’)
/home/joungwook/PID-Comm/upmem-2021.3.0_opt/src/backends/build/CMakeFiles/CMakeTmp/src.c:5:54: warning: excess elements in vector initializer
    5 |     __m128i a = {0,0,0,0}, b = {0,0,0,0}, c = {0,0,0,0};
      |                                                      ^
/home/joungwook/PID-Comm/upmem-2021.3.0_opt/src/backends/build/CMakeFiles/CMakeTmp/src.c:5:54: note: (near initialization for ‘c’)
/home/joungwook/PID-Comm/upmem-2021.3.0_opt/src/backends/build/CMakeFiles/CMakeTmp/src.c:5:43: warning: variable ‘c’ set but not used [-Wunused-but-set-variable]
    5 |     __m128i a = {0,0,0,0}, b = {0,0,0,0}, c = {0,0,0,0};
      |                                           ^
In file included from /usr/lib/gcc/x86_64-linux-gnu/9/include/nmmintrin.h:31,
                 from /home/joungwook/PID-Comm/upmem-2021.3.0_opt/src/backends/build/CMakeFiles/CMakeTmp/src.c:2:
/usr/lib/gcc/x86_64-linux-gnu/9/include/smmintrin.h:796:1: error: inlining failed in call to always_inline ‘_mm_cmpgt_epi64’: target specific option mismatch
  796 | _mm_cmpgt_epi64 (__m128i __X, __m128i __Y)
      | ^~~~~~~~~~~~~~~
/home/joungwook/PID-Comm/upmem-2021.3.0_opt/src/backends/build/CMakeFiles/CMakeTmp/src.c:6:9: note: called from here
    6 |     c = _mm_cmpgt_epi64(a, b);
      |         ^~~~~~~~~~~~~~~~~~~~~
CMakeFiles/cmTC_cd228.dir/build.make:82: recipe for target 'CMakeFiles/cmTC_cd228.dir/src.c.o' failed
make[1]: *** [CMakeFiles/cmTC_cd228.dir/src.c.o] Error 1
make[1]: Leaving directory '/home/joungwook/PID-Comm/upmem-2021.3.0_opt/src/backends/build/CMakeFiles/CMakeTmp'
Makefile:138: recipe for target 'cmTC_cd228/fast' failed
make: *** [cmTC_cd228/fast] Error 2


Source file was:

  #include <nmmintrin.h>
  int main()
  {
    __m128i a = {0,0,0,0}, b = {0,0,0,0}, c = {0,0,0,0};
    c = _mm_cmpgt_epi64(a, b);
    return 0;
  }

Performing C SOURCE FILE Test CXX_HAS_AVX_1 failed with the following compile output:
Change Dir: /home/joungwook/PID-Comm/upmem-2021.3.0_opt/src/backends/build/CMakeFiles/CMakeTmp

Run Build Command(s):/usr/bin/make cmTC_32811/fast && /usr/bin/make -f CMakeFiles/cmTC_32811.dir/build.make CMakeFiles/cmTC_32811.dir/build
make[1]: Entering directory '/home/joungwook/PID-Comm/upmem-2021.3.0_opt/src/backends/build/CMakeFiles/CMakeTmp'
Building C object CMakeFiles/cmTC_32811.dir/src.c.o
/usr/bin/cc   -Wall -Wextra -std=gnu11  -O3  -g -DCXX_HAS_AVX_1   -o CMakeFiles/cmTC_32811.dir/src.c.o   -c /home/joungwook/PID-Comm/upmem-2021.3.0_opt/src/backends/build/CMakeFiles/CMakeTmp/src.c
/home/joungwook/PID-Comm/upmem-2021.3.0_opt/src/backends/build/CMakeFiles/CMakeTmp/src.c: In function ‘main’:
/home/joungwook/PID-Comm/upmem-2021.3.0_opt/src/backends/build/CMakeFiles/CMakeTmp/src.c:5:12: warning: variable ‘a’ set but not used [-Wunused-but-set-variable]
    5 |     __m256 a;
      |            ^
/home/joungwook/PID-Comm/upmem-2021.3.0_opt/src/backends/build/CMakeFiles/CMakeTmp/src.c:6:7: warning: AVX vector return without AVX enabled changes the ABI [-Wpsabi]
    6 |     a = _mm256_set1_ps(0);
      |     ~~^~~~~~~~~~~~~~~~~~~
In file included from /usr/lib/gcc/x86_64-linux-gnu/9/include/immintrin.h:51,
                 from /home/joungwook/PID-Comm/upmem-2021.3.0_opt/src/backends/build/CMakeFiles/CMakeTmp/src.c:2:
/usr/lib/gcc/x86_64-linux-gnu/9/include/avxintrin.h:1311:1: error: inlining failed in call to always_inline ‘_mm256_set1_ps’: target specific option mismatch
 1311 | _mm256_set1_ps (float __A)
      | ^~~~~~~~~~~~~~
/home/joungwook/PID-Comm/upmem-2021.3.0_opt/src/backends/build/CMakeFiles/CMakeTmp/src.c:6:9: note: called from here
    6 |     a = _mm256_set1_ps(0);
      |         ^~~~~~~~~~~~~~~~~
CMakeFiles/cmTC_32811.dir/build.make:82: recipe for target 'CMakeFiles/cmTC_32811.dir/src.c.o' failed
make[1]: *** [CMakeFiles/cmTC_32811.dir/src.c.o] Error 1
make[1]: Leaving directory '/home/joungwook/PID-Comm/upmem-2021.3.0_opt/src/backends/build/CMakeFiles/CMakeTmp'
Makefile:138: recipe for target 'cmTC_32811/fast' failed
make: *** [cmTC_32811/fast] Error 2


...and run output:

Return value: 1
Source file was:

  #include <immintrin.h>
  int main()
  {
    __m256 a;
    a = _mm256_set1_ps(0);
    return 0;
  }

Performing C SOURCE FILE Test CXX_COMPILES_AVX_1 failed with the following output:
Change Dir: /home/joungwook/PID-Comm/upmem-2021.3.0_opt/src/backends/build/CMakeFiles/CMakeTmp

Run Build Command(s):/usr/bin/make cmTC_18876/fast && /usr/bin/make -f CMakeFiles/cmTC_18876.dir/build.make CMakeFiles/cmTC_18876.dir/build
make[1]: Entering directory '/home/joungwook/PID-Comm/upmem-2021.3.0_opt/src/backends/build/CMakeFiles/CMakeTmp'
Building C object CMakeFiles/cmTC_18876.dir/src.c.o
/usr/bin/cc   -Wall -Wextra -std=gnu11  -O3  -g -DCXX_COMPILES_AVX_1   -o CMakeFiles/cmTC_18876.dir/src.c.o   -c /home/joungwook/PID-Comm/upmem-2021.3.0_opt/src/backends/build/CMakeFiles/CMakeTmp/src.c
/home/joungwook/PID-Comm/upmem-2021.3.0_opt/src/backends/build/CMakeFiles/CMakeTmp/src.c: In function ‘main’:
/home/joungwook/PID-Comm/upmem-2021.3.0_opt/src/backends/build/CMakeFiles/CMakeTmp/src.c:5:12: warning: variable ‘a’ set but not used [-Wunused-but-set-variable]
    5 |     __m256 a;
      |            ^
/home/joungwook/PID-Comm/upmem-2021.3.0_opt/src/backends/build/CMakeFiles/CMakeTmp/src.c:6:7: warning: AVX vector return without AVX enabled changes the ABI [-Wpsabi]
    6 |     a = _mm256_set1_ps(0);
      |     ~~^~~~~~~~~~~~~~~~~~~
In file included from /usr/lib/gcc/x86_64-linux-gnu/9/include/immintrin.h:51,
                 from /home/joungwook/PID-Comm/upmem-2021.3.0_opt/src/backends/build/CMakeFiles/CMakeTmp/src.c:2:
/usr/lib/gcc/x86_64-linux-gnu/9/include/avxintrin.h:1311:1: error: inlining failed in call to always_inline ‘_mm256_set1_ps’: target specific option mismatch
 1311 | _mm256_set1_ps (float __A)
      | ^~~~~~~~~~~~~~
/home/joungwook/PID-Comm/upmem-2021.3.0_opt/src/backends/build/CMakeFiles/CMakeTmp/src.c:6:9: note: called from here
    6 |     a = _mm256_set1_ps(0);
      |         ^~~~~~~~~~~~~~~~~
CMakeFiles/cmTC_18876.dir/build.make:82: recipe for target 'CMakeFiles/cmTC_18876.dir/src.c.o' failed
make[1]: *** [CMakeFiles/cmTC_18876.dir/src.c.o] Error 1
make[1]: Leaving directory '/home/joungwook/PID-Comm/upmem-2021.3.0_opt/src/backends/build/CMakeFiles/CMakeTmp'
Makefile:138: recipe for target 'cmTC_18876/fast' failed
make: *** [cmTC_18876/fast] Error 2


Source file was:

  #include <immintrin.h>
  int main()
  {
    __m256 a;
    a = _mm256_set1_ps(0);
    return 0;
  }

Performing C SOURCE FILE Test CXX_HAS_AVX2_1 failed with the following compile output:
Change Dir: /home/joungwook/PID-Comm/upmem-2021.3.0_opt/src/backends/build/CMakeFiles/CMakeTmp

Run Build Command(s):/usr/bin/make cmTC_85c47/fast && /usr/bin/make -f CMakeFiles/cmTC_85c47.dir/build.make CMakeFiles/cmTC_85c47.dir/build
make[1]: Entering directory '/home/joungwook/PID-Comm/upmem-2021.3.0_opt/src/backends/build/CMakeFiles/CMakeTmp'
Building C object CMakeFiles/cmTC_85c47.dir/src.c.o
/usr/bin/cc   -Wall -Wextra -std=gnu11  -O3  -g -DCXX_HAS_AVX2_1   -o CMakeFiles/cmTC_85c47.dir/src.c.o   -c /home/joungwook/PID-Comm/upmem-2021.3.0_opt/src/backends/build/CMakeFiles/CMakeTmp/src.c
/home/joungwook/PID-Comm/upmem-2021.3.0_opt/src/backends/build/CMakeFiles/CMakeTmp/src.c: In function ‘main’:
/home/joungwook/PID-Comm/upmem-2021.3.0_opt/src/backends/build/CMakeFiles/CMakeTmp/src.c:6:7: warning: AVX vector return without AVX enabled changes the ABI [-Wpsabi]
    6 |     a = _mm256_abs_epi16(a);
      |     ~~^~~~~~~~~~~~~~~~~~~~~
In file included from /usr/lib/gcc/x86_64-linux-gnu/9/include/immintrin.h:53,
                 from /home/joungwook/PID-Comm/upmem-2021.3.0_opt/src/backends/build/CMakeFiles/CMakeTmp/src.c:2:
/usr/lib/gcc/x86_64-linux-gnu/9/include/avx2intrin.h:63:1: error: inlining failed in call to always_inline ‘_mm256_abs_epi16’: target specific option mismatch
   63 | _mm256_abs_epi16 (__m256i __A)
      | ^~~~~~~~~~~~~~~~
/home/joungwook/PID-Comm/upmem-2021.3.0_opt/src/backends/build/CMakeFiles/CMakeTmp/src.c:6:9: note: called from here
    6 |     a = _mm256_abs_epi16(a);
      |         ^~~~~~~~~~~~~~~~~~~
CMakeFiles/cmTC_85c47.dir/build.make:82: recipe for target 'CMakeFiles/cmTC_85c47.dir/src.c.o' failed
make[1]: *** [CMakeFiles/cmTC_85c47.dir/src.c.o] Error 1
make[1]: Leaving directory '/home/joungwook/PID-Comm/upmem-2021.3.0_opt/src/backends/build/CMakeFiles/CMakeTmp'
Makefile:138: recipe for target 'cmTC_85c47/fast' failed
make: *** [cmTC_85c47/fast] Error 2


...and run output:

Return value: 1
Source file was:

  #include <immintrin.h>
  int main()
  {
    __m256i a = {0};
    a = _mm256_abs_epi16(a);
    return 0;
  }

Performing C SOURCE FILE Test CXX_COMPILES_AVX2_1 failed with the following output:
Change Dir: /home/joungwook/PID-Comm/upmem-2021.3.0_opt/src/backends/build/CMakeFiles/CMakeTmp

Run Build Command(s):/usr/bin/make cmTC_b2c46/fast && /usr/bin/make -f CMakeFiles/cmTC_b2c46.dir/build.make CMakeFiles/cmTC_b2c46.dir/build
make[1]: Entering directory '/home/joungwook/PID-Comm/upmem-2021.3.0_opt/src/backends/build/CMakeFiles/CMakeTmp'
Building C object CMakeFiles/cmTC_b2c46.dir/src.c.o
/usr/bin/cc   -Wall -Wextra -std=gnu11  -O3  -g -DCXX_COMPILES_AVX2_1   -o CMakeFiles/cmTC_b2c46.dir/src.c.o   -c /home/joungwook/PID-Comm/upmem-2021.3.0_opt/src/backends/build/CMakeFiles/CMakeTmp/src.c
/home/joungwook/PID-Comm/upmem-2021.3.0_opt/src/backends/build/CMakeFiles/CMakeTmp/src.c: In function ‘main’:
/home/joungwook/PID-Comm/upmem-2021.3.0_opt/src/backends/build/CMakeFiles/CMakeTmp/src.c:6:7: warning: AVX vector return without AVX enabled changes the ABI [-Wpsabi]
    6 |     a = _mm256_abs_epi16(a);
      |     ~~^~~~~~~~~~~~~~~~~~~~~
In file included from /usr/lib/gcc/x86_64-linux-gnu/9/include/immintrin.h:53,
                 from /home/joungwook/PID-Comm/upmem-2021.3.0_opt/src/backends/build/CMakeFiles/CMakeTmp/src.c:2:
/usr/lib/gcc/x86_64-linux-gnu/9/include/avx2intrin.h:63:1: error: inlining failed in call to always_inline ‘_mm256_abs_epi16’: target specific option mismatch
   63 | _mm256_abs_epi16 (__m256i __A)
      | ^~~~~~~~~~~~~~~~
/home/joungwook/PID-Comm/upmem-2021.3.0_opt/src/backends/build/CMakeFiles/CMakeTmp/src.c:6:9: note: called from here
    6 |     a = _mm256_abs_epi16(a);
      |         ^~~~~~~~~~~~~~~~~~~
CMakeFiles/cmTC_b2c46.dir/build.make:82: recipe for target 'CMakeFiles/cmTC_b2c46.dir/src.c.o' failed
make[1]: *** [CMakeFiles/cmTC_b2c46.dir/src.c.o] Error 1
make[1]: Leaving directory '/home/joungwook/PID-Comm/upmem-2021.3.0_opt/src/backends/build/CMakeFiles/CMakeTmp'
Makefile:138: recipe for target 'cmTC_b2c46/fast' failed
make: *** [cmTC_b2c46/fast] Error 2


Source file was:

  #include <immintrin.h>
  int main()
  {
    __m256i a = {0};
    a = _mm256_abs_epi16(a);
    return 0;
  }

Performing C SOURCE FILE Test CXX_HAS_AVX512F_1 failed with the following compile output:
Change Dir: /home/joungwook/PID-Comm/upmem-2021.3.0_opt/src/backends/build/CMakeFiles/CMakeTmp

Run Build Command(s):/usr/bin/make cmTC_dfde0/fast && /usr/bin/make -f CMakeFiles/cmTC_dfde0.dir/build.make CMakeFiles/cmTC_dfde0.dir/build
make[1]: Entering directory '/home/joungwook/PID-Comm/upmem-2021.3.0_opt/src/backends/build/CMakeFiles/CMakeTmp'
Building C object CMakeFiles/cmTC_dfde0.dir/src.c.o
/usr/bin/cc   -Wall -Wextra -std=gnu11  -O3  -g -DCXX_HAS_AVX512F_1   -o CMakeFiles/cmTC_dfde0.dir/src.c.o   -c /home/joungwook/PID-Comm/upmem-2021.3.0_opt/src/backends/build/CMakeFiles/CMakeTmp/src.c
/home/joungwook/PID-Comm/upmem-2021.3.0_opt/src/backends/build/CMakeFiles/CMakeTmp/src.c: In function ‘main’:
/home/joungwook/PID-Comm/upmem-2021.3.0_opt/src/backends/build/CMakeFiles/CMakeTmp/src.c:5:12: warning: AVX512F vector return without AVX512F enabled changes the ABI [-Wpsabi]
    5 |     __m512 a = _mm512_set1_ps(1.f);
      |            ^
In file included from /usr/lib/gcc/x86_64-linux-gnu/9/include/immintrin.h:55,
                 from /home/joungwook/PID-Comm/upmem-2021.3.0_opt/src/backends/build/CMakeFiles/CMakeTmp/src.c:2:
/usr/lib/gcc/x86_64-linux-gnu/9/include/avx512fintrin.h:12294:1: error: inlining failed in call to always_inline ‘_mm512_add_ps’: target specific option mismatch
12294 | _mm512_add_ps (__m512 __A, __m512 __B)
      | ^~~~~~~~~~~~~
/home/joungwook/PID-Comm/upmem-2021.3.0_opt/src/backends/build/CMakeFiles/CMakeTmp/src.c:6:9: note: called from here
    6 |     a = _mm512_add_ps(a, _mm512_set1_ps(1.f));;
      |         ^~~~~~~~~~~~~~~~~~~~~~~~~~~~~~~~~~~~~
In file included from /usr/lib/gcc/x86_64-linux-gnu/9/include/immintrin.h:55,
                 from /home/joungwook/PID-Comm/upmem-2021.3.0_opt/src/backends/build/CMakeFiles/CMakeTmp/src.c:2:
/usr/lib/gcc/x86_64-linux-gnu/9/include/avx512fintrin.h:251:1: error: inlining failed in call to always_inline ‘_mm512_set1_ps’: target specific option mismatch
  251 | _mm512_set1_ps (float __A)
      | ^~~~~~~~~~~~~~
/home/joungwook/PID-Comm/upmem-2021.3.0_opt/src/backends/build/CMakeFiles/CMakeTmp/src.c:6:9: note: called from here
    6 |     a = _mm512_add_ps(a, _mm512_set1_ps(1.f));;
      |         ^~~~~~~~~~~~~~~~~~~~~~~~~~~~~~~~~~~~~
In file included from /usr/lib/gcc/x86_64-linux-gnu/9/include/immintrin.h:55,
                 from /home/joungwook/PID-Comm/upmem-2021.3.0_opt/src/backends/build/CMakeFiles/CMakeTmp/src.c:2:
/usr/lib/gcc/x86_64-linux-gnu/9/include/avx512fintrin.h:251:1: error: inlining failed in call to always_inline ‘_mm512_set1_ps’: target specific option mismatch
  251 | _mm512_set1_ps (float __A)
      | ^~~~~~~~~~~~~~
/home/joungwook/PID-Comm/upmem-2021.3.0_opt/src/backends/build/CMakeFiles/CMakeTmp/src.c:5:16: note: called from here
    5 |     __m512 a = _mm512_set1_ps(1.f);
      |                ^~~~~~~~~~~~~~~~~~~
CMakeFiles/cmTC_dfde0.dir/build.make:82: recipe for target 'CMakeFiles/cmTC_dfde0.dir/src.c.o' failed
make[1]: *** [CMakeFiles/cmTC_dfde0.dir/src.c.o] Error 1
make[1]: Leaving directory '/home/joungwook/PID-Comm/upmem-2021.3.0_opt/src/backends/build/CMakeFiles/CMakeTmp'
Makefile:138: recipe for target 'cmTC_dfde0/fast' failed
make: *** [cmTC_dfde0/fast] Error 2


...and run output:

Return value: 1
Source file was:

  #include <immintrin.h>
  int main()
  {
    __m512 a = _mm512_set1_ps(1.f);
    a = _mm512_add_ps(a, _mm512_set1_ps(1.f));;
    return 0;
  }

Performing C SOURCE FILE Test CXX_COMPILES_AVX512F_1 failed with the following output:
Change Dir: /home/joungwook/PID-Comm/upmem-2021.3.0_opt/src/backends/build/CMakeFiles/CMakeTmp

Run Build Command(s):/usr/bin/make cmTC_60f10/fast && /usr/bin/make -f CMakeFiles/cmTC_60f10.dir/build.make CMakeFiles/cmTC_60f10.dir/build
make[1]: Entering directory '/home/joungwook/PID-Comm/upmem-2021.3.0_opt/src/backends/build/CMakeFiles/CMakeTmp'
Building C object CMakeFiles/cmTC_60f10.dir/src.c.o
/usr/bin/cc   -Wall -Wextra -std=gnu11  -O3  -g -DCXX_COMPILES_AVX512F_1   -o CMakeFiles/cmTC_60f10.dir/src.c.o   -c /home/joungwook/PID-Comm/upmem-2021.3.0_opt/src/backends/build/CMakeFiles/CMakeTmp/src.c
/home/joungwook/PID-Comm/upmem-2021.3.0_opt/src/backends/build/CMakeFiles/CMakeTmp/src.c: In function ‘main’:
/home/joungwook/PID-Comm/upmem-2021.3.0_opt/src/backends/build/CMakeFiles/CMakeTmp/src.c:5:12: warning: AVX512F vector return without AVX512F enabled changes the ABI [-Wpsabi]
    5 |     __m512 a = _mm512_set1_ps(1.f);
      |            ^
In file included from /usr/lib/gcc/x86_64-linux-gnu/9/include/immintrin.h:55,
                 from /home/joungwook/PID-Comm/upmem-2021.3.0_opt/src/backends/build/CMakeFiles/CMakeTmp/src.c:2:
/usr/lib/gcc/x86_64-linux-gnu/9/include/avx512fintrin.h:12294:1: error: inlining failed in call to always_inline ‘_mm512_add_ps’: target specific option mismatch
12294 | _mm512_add_ps (__m512 __A, __m512 __B)
      | ^~~~~~~~~~~~~
/home/joungwook/PID-Comm/upmem-2021.3.0_opt/src/backends/build/CMakeFiles/CMakeTmp/src.c:6:9: note: called from here
    6 |     a = _mm512_add_ps(a, _mm512_set1_ps(1.f));;
      |         ^~~~~~~~~~~~~~~~~~~~~~~~~~~~~~~~~~~~~
In file included from /usr/lib/gcc/x86_64-linux-gnu/9/include/immintrin.h:55,
                 from /home/joungwook/PID-Comm/upmem-2021.3.0_opt/src/backends/build/CMakeFiles/CMakeTmp/src.c:2:
/usr/lib/gcc/x86_64-linux-gnu/9/include/avx512fintrin.h:251:1: error: inlining failed in call to always_inline ‘_mm512_set1_ps’: target specific option mismatch
  251 | _mm512_set1_ps (float __A)
      | ^~~~~~~~~~~~~~
/home/joungwook/PID-Comm/upmem-2021.3.0_opt/src/backends/build/CMakeFiles/CMakeTmp/src.c:6:9: note: called from here
    6 |     a = _mm512_add_ps(a, _mm512_set1_ps(1.f));;
      |         ^~~~~~~~~~~~~~~~~~~~~~~~~~~~~~~~~~~~~
In file included from /usr/lib/gcc/x86_64-linux-gnu/9/include/immintrin.h:55,
                 from /home/joungwook/PID-Comm/upmem-2021.3.0_opt/src/backends/build/CMakeFiles/CMakeTmp/src.c:2:
/usr/lib/gcc/x86_64-linux-gnu/9/include/avx512fintrin.h:251:1: error: inlining failed in call to always_inline ‘_mm512_set1_ps’: target specific option mismatch
  251 | _mm512_set1_ps (float __A)
      | ^~~~~~~~~~~~~~
/home/joungwook/PID-Comm/upmem-2021.3.0_opt/src/backends/build/CMakeFiles/CMakeTmp/src.c:5:16: note: called from here
    5 |     __m512 a = _mm512_set1_ps(1.f);
      |                ^~~~~~~~~~~~~~~~~~~
CMakeFiles/cmTC_60f10.dir/build.make:82: recipe for target 'CMakeFiles/cmTC_60f10.dir/src.c.o' failed
make[1]: *** [CMakeFiles/cmTC_60f10.dir/src.c.o] Error 1
make[1]: Leaving directory '/home/joungwook/PID-Comm/upmem-2021.3.0_opt/src/backends/build/CMakeFiles/CMakeTmp'
Makefile:138: recipe for target 'cmTC_60f10/fast' failed
make: *** [cmTC_60f10/fast] Error 2


Source file was:

  #include <immintrin.h>
  int main()
  {
    __m512 a = _mm512_set1_ps(1.f);
    a = _mm512_add_ps(a, _mm512_set1_ps(1.f));;
    return 0;
  }

Performing C SOURCE FILE Test CXX_HAS_AVX512BW_1 failed with the following compile output:
Change Dir: /home/joungwook/PID-Comm/upmem-2021.3.0_opt/src/backends/build/CMakeFiles/CMakeTmp

Run Build Command(s):/usr/bin/make cmTC_8d231/fast && /usr/bin/make -f CMakeFiles/cmTC_8d231.dir/build.make CMakeFiles/cmTC_8d231.dir/build
make[1]: Entering directory '/home/joungwook/PID-Comm/upmem-2021.3.0_opt/src/backends/build/CMakeFiles/CMakeTmp'
Building C object CMakeFiles/cmTC_8d231.dir/src.c.o
/usr/bin/cc   -Wall -Wextra -std=gnu11  -O3  -g -DCXX_HAS_AVX512BW_1   -o CMakeFiles/cmTC_8d231.dir/src.c.o   -c /home/joungwook/PID-Comm/upmem-2021.3.0_opt/src/backends/build/CMakeFiles/CMakeTmp/src.c
/home/joungwook/PID-Comm/upmem-2021.3.0_opt/src/backends/build/CMakeFiles/CMakeTmp/src.c: In function ‘main’:
/home/joungwook/PID-Comm/upmem-2021.3.0_opt/src/backends/build/CMakeFiles/CMakeTmp/src.c:5:13: warning: AVX512F vector return without AVX512F enabled changes the ABI [-Wpsabi]
    5 |     __m512i mask = _mm512_set_epi64(0, 0, 0, 0, 0, 0, 0, 0);
      |             ^~~~
In file included from /usr/lib/gcc/x86_64-linux-gnu/9/include/immintrin.h:65,
                 from /home/joungwook/PID-Comm/upmem-2021.3.0_opt/src/backends/build/CMakeFiles/CMakeTmp/src.c:2:
/usr/lib/gcc/x86_64-linux-gnu/9/include/avx512bwintrin.h:1852:1: error: inlining failed in call to always_inline ‘_mm512_shuffle_epi8’: target specific option mismatch
 1852 | _mm512_shuffle_epi8 (__m512i __A, __m512i __B)
      | ^~~~~~~~~~~~~~~~~~~
/home/joungwook/PID-Comm/upmem-2021.3.0_opt/src/backends/build/CMakeFiles/CMakeTmp/src.c:7:12: note: called from here
    7 |     load = _mm512_shuffle_epi8(load, mask);
      |            ^~~~~~~~~~~~~~~~~~~~~~~~~~~~~~~
In file included from /usr/lib/gcc/x86_64-linux-gnu/9/include/immintrin.h:55,
                 from /home/joungwook/PID-Comm/upmem-2021.3.0_opt/src/backends/build/CMakeFiles/CMakeTmp/src.c:2:
/usr/lib/gcc/x86_64-linux-gnu/9/include/avx512fintrin.h:79:1: error: inlining failed in call to always_inline ‘_mm512_set_epi64’: target specific option mismatch
   79 | _mm512_set_epi64 (long long __A, long long __B, long long __C,
      | ^~~~~~~~~~~~~~~~
/home/joungwook/PID-Comm/upmem-2021.3.0_opt/src/backends/build/CMakeFiles/CMakeTmp/src.c:5:20: note: called from here
    5 |     __m512i mask = _mm512_set_epi64(0, 0, 0, 0, 0, 0, 0, 0);
      |                    ^~~~~~~~~~~~~~~~~~~~~~~~~~~~~~~~~~~~~~~~
CMakeFiles/cmTC_8d231.dir/build.make:82: recipe for target 'CMakeFiles/cmTC_8d231.dir/src.c.o' failed
make[1]: *** [CMakeFiles/cmTC_8d231.dir/src.c.o] Error 1
make[1]: Leaving directory '/home/joungwook/PID-Comm/upmem-2021.3.0_opt/src/backends/build/CMakeFiles/CMakeTmp'
Makefile:138: recipe for target 'cmTC_8d231/fast' failed
make: *** [cmTC_8d231/fast] Error 2


...and run output:

Return value: 1
Source file was:

  #include <immintrin.h>
  int main()
  {
    __m512i mask = _mm512_set_epi64(0, 0, 0, 0, 0, 0, 0, 0);
    __m512i load = {0};
    load = _mm512_shuffle_epi8(load, mask);
    return 0;
  }

Performing C SOURCE FILE Test CXX_COMPILES_AVX512BW_1 failed with the following output:
Change Dir: /home/joungwook/PID-Comm/upmem-2021.3.0_opt/src/backends/build/CMakeFiles/CMakeTmp

Run Build Command(s):/usr/bin/make cmTC_d3642/fast && /usr/bin/make -f CMakeFiles/cmTC_d3642.dir/build.make CMakeFiles/cmTC_d3642.dir/build
make[1]: Entering directory '/home/joungwook/PID-Comm/upmem-2021.3.0_opt/src/backends/build/CMakeFiles/CMakeTmp'
Building C object CMakeFiles/cmTC_d3642.dir/src.c.o
/usr/bin/cc   -Wall -Wextra -std=gnu11  -O3  -g -DCXX_COMPILES_AVX512BW_1   -o CMakeFiles/cmTC_d3642.dir/src.c.o   -c /home/joungwook/PID-Comm/upmem-2021.3.0_opt/src/backends/build/CMakeFiles/CMakeTmp/src.c
/home/joungwook/PID-Comm/upmem-2021.3.0_opt/src/backends/build/CMakeFiles/CMakeTmp/src.c: In function ‘main’:
/home/joungwook/PID-Comm/upmem-2021.3.0_opt/src/backends/build/CMakeFiles/CMakeTmp/src.c:5:13: warning: AVX512F vector return without AVX512F enabled changes the ABI [-Wpsabi]
    5 |     __m512i mask = _mm512_set_epi64(0, 0, 0, 0, 0, 0, 0, 0);
      |             ^~~~
In file included from /usr/lib/gcc/x86_64-linux-gnu/9/include/immintrin.h:65,
                 from /home/joungwook/PID-Comm/upmem-2021.3.0_opt/src/backends/build/CMakeFiles/CMakeTmp/src.c:2:
/usr/lib/gcc/x86_64-linux-gnu/9/include/avx512bwintrin.h:1852:1: error: inlining failed in call to always_inline ‘_mm512_shuffle_epi8’: target specific option mismatch
 1852 | _mm512_shuffle_epi8 (__m512i __A, __m512i __B)
      | ^~~~~~~~~~~~~~~~~~~
/home/joungwook/PID-Comm/upmem-2021.3.0_opt/src/backends/build/CMakeFiles/CMakeTmp/src.c:7:12: note: called from here
    7 |     load = _mm512_shuffle_epi8(load, mask);
      |            ^~~~~~~~~~~~~~~~~~~~~~~~~~~~~~~
In file included from /usr/lib/gcc/x86_64-linux-gnu/9/include/immintrin.h:55,
                 from /home/joungwook/PID-Comm/upmem-2021.3.0_opt/src/backends/build/CMakeFiles/CMakeTmp/src.c:2:
/usr/lib/gcc/x86_64-linux-gnu/9/include/avx512fintrin.h:79:1: error: inlining failed in call to always_inline ‘_mm512_set_epi64’: target specific option mismatch
   79 | _mm512_set_epi64 (long long __A, long long __B, long long __C,
      | ^~~~~~~~~~~~~~~~
/home/joungwook/PID-Comm/upmem-2021.3.0_opt/src/backends/build/CMakeFiles/CMakeTmp/src.c:5:20: note: called from here
    5 |     __m512i mask = _mm512_set_epi64(0, 0, 0, 0, 0, 0, 0, 0);
      |                    ^~~~~~~~~~~~~~~~~~~~~~~~~~~~~~~~~~~~~~~~
CMakeFiles/cmTC_d3642.dir/build.make:82: recipe for target 'CMakeFiles/cmTC_d3642.dir/src.c.o' failed
make[1]: *** [CMakeFiles/cmTC_d3642.dir/src.c.o] Error 1
make[1]: Leaving directory '/home/joungwook/PID-Comm/upmem-2021.3.0_opt/src/backends/build/CMakeFiles/CMakeTmp'
Makefile:138: recipe for target 'cmTC_d3642/fast' failed
make: *** [cmTC_d3642/fast] Error 2


Source file was:

  #include <immintrin.h>
  int main()
  {
    __m512i mask = _mm512_set_epi64(0, 0, 0, 0, 0, 0, 0, 0);
    __m512i load = {0};
    load = _mm512_shuffle_epi8(load, mask);
    return 0;
  }

Performing C SOURCE FILE Test CXX_HAS_CLFLUSHOPT_1 failed with the following compile output:
Change Dir: /home/joungwook/PID-Comm/upmem-2021.3.0_opt/src/backends/build/CMakeFiles/CMakeTmp

Run Build Command(s):/usr/bin/make cmTC_12c91/fast && /usr/bin/make -f CMakeFiles/cmTC_12c91.dir/build.make CMakeFiles/cmTC_12c91.dir/build
make[1]: Entering directory '/home/joungwook/PID-Comm/upmem-2021.3.0_opt/src/backends/build/CMakeFiles/CMakeTmp'
Building C object CMakeFiles/cmTC_12c91.dir/src.c.o
/usr/bin/cc   -Wall -Wextra -std=gnu11  -O3  -g -DCXX_HAS_CLFLUSHOPT_1   -o CMakeFiles/cmTC_12c91.dir/src.c.o   -c /home/joungwook/PID-Comm/upmem-2021.3.0_opt/src/backends/build/CMakeFiles/CMakeTmp/src.c
/home/joungwook/PID-Comm/upmem-2021.3.0_opt/src/backends/build/CMakeFiles/CMakeTmp/src.c: In function ‘main’:
/home/joungwook/PID-Comm/upmem-2021.3.0_opt/src/backends/build/CMakeFiles/CMakeTmp/src.c:6:5: error: ‘__builtin_ia32_clflushopt’ needs isa option -mclflushopt
    6 |     __builtin_ia32_clflushopt(&flush);
      |     ^~~~~~~~~~~~~~~~~~~~~~~~~~~~~~~~~
CMakeFiles/cmTC_12c91.dir/build.make:82: recipe for target 'CMakeFiles/cmTC_12c91.dir/src.c.o' failed
make[1]: *** [CMakeFiles/cmTC_12c91.dir/src.c.o] Error 1
make[1]: Leaving directory '/home/joungwook/PID-Comm/upmem-2021.3.0_opt/src/backends/build/CMakeFiles/CMakeTmp'
Makefile:138: recipe for target 'cmTC_12c91/fast' failed
make: *** [cmTC_12c91/fast] Error 2


...and run output:

Return value: 1
Source file was:

  #include <immintrin.h>
  int main()
  {
    int flush;
    __builtin_ia32_clflushopt(&flush);
    return 0;
  }

Performing C SOURCE FILE Test CXX_COMPILES_CLFLUSHOPT_1 failed with the following output:
Change Dir: /home/joungwook/PID-Comm/upmem-2021.3.0_opt/src/backends/build/CMakeFiles/CMakeTmp

Run Build Command(s):/usr/bin/make cmTC_b41a5/fast && /usr/bin/make -f CMakeFiles/cmTC_b41a5.dir/build.make CMakeFiles/cmTC_b41a5.dir/build
make[1]: Entering directory '/home/joungwook/PID-Comm/upmem-2021.3.0_opt/src/backends/build/CMakeFiles/CMakeTmp'
Building C object CMakeFiles/cmTC_b41a5.dir/src.c.o
/usr/bin/cc   -Wall -Wextra -std=gnu11  -O3  -g -DCXX_COMPILES_CLFLUSHOPT_1   -o CMakeFiles/cmTC_b41a5.dir/src.c.o   -c /home/joungwook/PID-Comm/upmem-2021.3.0_opt/src/backends/build/CMakeFiles/CMakeTmp/src.c
/home/joungwook/PID-Comm/upmem-2021.3.0_opt/src/backends/build/CMakeFiles/CMakeTmp/src.c: In function ‘main’:
/home/joungwook/PID-Comm/upmem-2021.3.0_opt/src/backends/build/CMakeFiles/CMakeTmp/src.c:6:5: error: ‘__builtin_ia32_clflushopt’ needs isa option -mclflushopt
    6 |     __builtin_ia32_clflushopt(&flush);
      |     ^~~~~~~~~~~~~~~~~~~~~~~~~~~~~~~~~
CMakeFiles/cmTC_b41a5.dir/build.make:82: recipe for target 'CMakeFiles/cmTC_b41a5.dir/src.c.o' failed
make[1]: *** [CMakeFiles/cmTC_b41a5.dir/src.c.o] Error 1
make[1]: Leaving directory '/home/joungwook/PID-Comm/upmem-2021.3.0_opt/src/backends/build/CMakeFiles/CMakeTmp'
Makefile:138: recipe for target 'cmTC_b41a5/fast' failed
make: *** [cmTC_b41a5/fast] Error 2


Source file was:

  #include <immintrin.h>
  int main()
  {
    int flush;
    __builtin_ia32_clflushopt(&flush);
    return 0;
  }

